2019-11-22 10:50:29 [::1][53][32fa3ea2de4c91a28c2cb89e99b92d9e][error][yii\base\InvalidCallException] yii\base\InvalidCallException: Expecting end() of yii\bootstrap\Modal, found yii\widgets\ActiveForm in /Applications/MAMP/htdocs/web/yii/vendor/yiisoft/yii2/base/Widget.php:117
Stack trace:
#0 /Applications/MAMP/htdocs/web/yii/backend/views/imsindex/index.php(112): yii\base\Widget::end()
#1 /Applications/MAMP/htdocs/web/yii/vendor/yiisoft/yii2/base/View.php(348): require('/Applications/M...')
#2 /Applications/MAMP/htdocs/web/yii/vendor/yiisoft/yii2/base/View.php(257): yii\base\View->renderPhpFile('/Applications/M...', Array)
#3 /Applications/MAMP/htdocs/web/yii/vendor/yiisoft/yii2/base/View.php(156): yii\base\View->renderFile('/Applications/M...', Array, Object(backend\controllers\ImsindexController))
#4 /Applications/MAMP/htdocs/web/yii/vendor/yiisoft/yii2/base/Controller.php(384): yii\base\View->render('index', Array, Object(backend\controllers\ImsindexController))
#5 /Applications/MAMP/htdocs/web/yii/backend/controllers/ImsindexController.php(45): yii\base\Controller->render('index', Array)
#6 [internal function]: backend\controllers\ImsindexController->actionIndex()
#7 /Applications/MAMP/htdocs/web/yii/vendor/yiisoft/yii2/base/InlineAction.php(57): call_user_func_array(Array, Array)
#8 /Applications/MAMP/htdocs/web/yii/vendor/yiisoft/yii2/base/Controller.php(157): yii\base\InlineAction->runWithParams(Array)
#9 /Applications/MAMP/htdocs/web/yii/vendor/yiisoft/yii2/base/Module.php(528): yii\base\Controller->runAction('', Array)
#10 /Applications/MAMP/htdocs/web/yii/vendor/yiisoft/yii2/web/Application.php(103): yii\base\Module->runAction('imsindex', Array)
#11 /Applications/MAMP/htdocs/web/yii/vendor/yiisoft/yii2/base/Application.php(386): yii\web\Application->handleRequest(Object(yii\web\Request))
#12 /Applications/MAMP/htdocs/web/yii/backend/web/index.php(18): yii\base\Application->run()
#13 {main}
2019-11-22 10:50:28 [::1][53][32fa3ea2de4c91a28c2cb89e99b92d9e][info][application] $_GET = [
    'r' => 'imsindex'
]

$_POST = []

$_FILES = []

$_COOKIE = [
    '_identity' => '5ebadecdf237960060827e974e204a6ae8d9a02278d34dc18556d0bf80a8cc69a:2:{i:0;s:9:\"_identity\";i:1;s:47:\"[53,\"JwTtz4-xTKvuK8sTqiVIk_chQQA16FaE\",2592000]\";}'
    'advanced-backend' => '32fa3ea2de4c91a28c2cb89e99b92d9e'
    '_csrf-backend' => 'a90bf170ce5bf6399912d6415df615ba3a36579c7a5bd2e1c8a8264368912998a:2:{i:0;s:13:\"_csrf-backend\";i:1;s:32:\"3wB9MHviHZ9lmhAkn5KNZCpU8Y7tJlGp\";}'
    'advanced-frontend' => '3dd54a41f2f5c6894043687831fc6514'
    '_csrf-frontend' => 'bbdec0b927d44974bbabea269de9c136c7fcbc0ee3cae25969395571fccf956da:2:{i:0;s:14:\"_csrf-frontend\";i:1;s:32:\"TK3jKxvX_YXArxNlXP7icNpCn1-2rU1u\";}'
]

$_SESSION = [
    '__flash' => []
    '__id' => 53
]

$_SERVER = [
    'HTTP_HOST' => 'yii'
    'HTTP_USER_AGENT' => 'Mozilla/5.0 (Macintosh; Intel Mac OS X 10.13; rv:70.0) Gecko/20100101 Firefox/70.0'
    'HTTP_ACCEPT' => 'text/html,application/xhtml+xml,application/xml;q=0.9,*/*;q=0.8'
    'HTTP_ACCEPT_LANGUAGE' => 'zh-CN,zh;q=0.8,zh-TW;q=0.7,zh-HK;q=0.5,en-US;q=0.3,en;q=0.2'
    'HTTP_ACCEPT_ENCODING' => 'gzip, deflate'
    'HTTP_CONNECTION' => 'keep-alive'
    'HTTP_COOKIE' => '_identity=5ebadecdf237960060827e974e204a6ae8d9a02278d34dc18556d0bf80a8cc69a%3A2%3A%7Bi%3A0%3Bs%3A9%3A%22_identity%22%3Bi%3A1%3Bs%3A47%3A%22%5B53%2C%22JwTtz4-xTKvuK8sTqiVIk_chQQA16FaE%22%2C2592000%5D%22%3B%7D; advanced-backend=32fa3ea2de4c91a28c2cb89e99b92d9e; _csrf-backend=a90bf170ce5bf6399912d6415df615ba3a36579c7a5bd2e1c8a8264368912998a%3A2%3A%7Bi%3A0%3Bs%3A13%3A%22_csrf-backend%22%3Bi%3A1%3Bs%3A32%3A%223wB9MHviHZ9lmhAkn5KNZCpU8Y7tJlGp%22%3B%7D; advanced-frontend=3dd54a41f2f5c6894043687831fc6514; _csrf-frontend=bbdec0b927d44974bbabea269de9c136c7fcbc0ee3cae25969395571fccf956da%3A2%3A%7Bi%3A0%3Bs%3A14%3A%22_csrf-frontend%22%3Bi%3A1%3Bs%3A32%3A%22TK3jKxvX_YXArxNlXP7icNpCn1-2rU1u%22%3B%7D'
    'HTTP_UPGRADE_INSECURE_REQUESTS' => '1'
    'HTTP_CACHE_CONTROL' => 'max-age=0'
    'PATH' => '/usr/bin:/bin:/usr/sbin:/sbin'
    'SERVER_SIGNATURE' => ''
    'SERVER_SOFTWARE' => 'Apache'
    'SERVER_NAME' => 'yii'
    'SERVER_ADDR' => '::1'
    'SERVER_PORT' => '80'
    'REMOTE_ADDR' => '::1'
    'DOCUMENT_ROOT' => '/Applications/MAMP/htdocs/web/yii'
    'SERVER_ADMIN' => 'you@example.com'
    'SCRIPT_FILENAME' => '/Applications/MAMP/htdocs/web/yii/backend/web/index.php'
    'REMOTE_PORT' => '61880'
    'GATEWAY_INTERFACE' => 'CGI/1.1'
    'SERVER_PROTOCOL' => 'HTTP/1.1'
    'REQUEST_METHOD' => 'GET'
    'QUERY_STRING' => 'r=imsindex'
    'REQUEST_URI' => '/backend/web/index.php?r=imsindex'
    'SCRIPT_NAME' => '/backend/web/index.php'
    'PHP_SELF' => '/backend/web/index.php'
    'REQUEST_TIME_FLOAT' => 1574391028.59
    'REQUEST_TIME' => 1574391028
    'argv' => [
        0 => 'r=imsindex'
    ]
    'argc' => 1
]
2019-11-22 11:45:54 [::1][53][32fa3ea2de4c91a28c2cb89e99b92d9e][error][Error] Error: Class 'HelloWidget' not found in /Applications/MAMP/htdocs/web/yii/backend/views/imsindex/index.php:116
Stack trace:
#0 /Applications/MAMP/htdocs/web/yii/vendor/yiisoft/yii2/base/View.php(348): require()
#1 /Applications/MAMP/htdocs/web/yii/vendor/yiisoft/yii2/base/View.php(257): yii\base\View->renderPhpFile('/Applications/M...', Array)
#2 /Applications/MAMP/htdocs/web/yii/vendor/yiisoft/yii2/base/View.php(156): yii\base\View->renderFile('/Applications/M...', Array, Object(backend\controllers\ImsindexController))
#3 /Applications/MAMP/htdocs/web/yii/vendor/yiisoft/yii2/base/Controller.php(384): yii\base\View->render('index', Array, Object(backend\controllers\ImsindexController))
#4 /Applications/MAMP/htdocs/web/yii/backend/controllers/ImsindexController.php(45): yii\base\Controller->render('index', Array)
#5 [internal function]: backend\controllers\ImsindexController->actionIndex()
#6 /Applications/MAMP/htdocs/web/yii/vendor/yiisoft/yii2/base/InlineAction.php(57): call_user_func_array(Array, Array)
#7 /Applications/MAMP/htdocs/web/yii/vendor/yiisoft/yii2/base/Controller.php(157): yii\base\InlineAction->runWithParams(Array)
#8 /Applications/MAMP/htdocs/web/yii/vendor/yiisoft/yii2/base/Module.php(528): yii\base\Controller->runAction('', Array)
#9 /Applications/MAMP/htdocs/web/yii/vendor/yiisoft/yii2/web/Application.php(103): yii\base\Module->runAction('imsindex', Array)
#10 /Applications/MAMP/htdocs/web/yii/vendor/yiisoft/yii2/base/Application.php(386): yii\web\Application->handleRequest(Object(yii\web\Request))
#11 /Applications/MAMP/htdocs/web/yii/backend/web/index.php(18): yii\base\Application->run()
#12 {main}
2019-11-22 11:45:54 [::1][53][32fa3ea2de4c91a28c2cb89e99b92d9e][info][application] $_GET = [
    'r' => 'imsindex'
]

$_POST = []

$_FILES = []

$_COOKIE = [
    '_identity' => '5ebadecdf237960060827e974e204a6ae8d9a02278d34dc18556d0bf80a8cc69a:2:{i:0;s:9:\"_identity\";i:1;s:47:\"[53,\"JwTtz4-xTKvuK8sTqiVIk_chQQA16FaE\",2592000]\";}'
    'advanced-backend' => '32fa3ea2de4c91a28c2cb89e99b92d9e'
    '_csrf-backend' => 'a90bf170ce5bf6399912d6415df615ba3a36579c7a5bd2e1c8a8264368912998a:2:{i:0;s:13:\"_csrf-backend\";i:1;s:32:\"3wB9MHviHZ9lmhAkn5KNZCpU8Y7tJlGp\";}'
    'advanced-frontend' => '3dd54a41f2f5c6894043687831fc6514'
    '_csrf-frontend' => 'bbdec0b927d44974bbabea269de9c136c7fcbc0ee3cae25969395571fccf956da:2:{i:0;s:14:\"_csrf-frontend\";i:1;s:32:\"TK3jKxvX_YXArxNlXP7icNpCn1-2rU1u\";}'
]

$_SESSION = [
    '__flash' => []
    '__id' => 53
]

$_SERVER = [
    'HTTP_HOST' => 'yii'
    'HTTP_USER_AGENT' => 'Mozilla/5.0 (Macintosh; Intel Mac OS X 10.13; rv:70.0) Gecko/20100101 Firefox/70.0'
    'HTTP_ACCEPT' => 'text/html,application/xhtml+xml,application/xml;q=0.9,*/*;q=0.8'
    'HTTP_ACCEPT_LANGUAGE' => 'zh-CN,zh;q=0.8,zh-TW;q=0.7,zh-HK;q=0.5,en-US;q=0.3,en;q=0.2'
    'HTTP_ACCEPT_ENCODING' => 'gzip, deflate'
    'HTTP_CONNECTION' => 'keep-alive'
    'HTTP_COOKIE' => '_identity=5ebadecdf237960060827e974e204a6ae8d9a02278d34dc18556d0bf80a8cc69a%3A2%3A%7Bi%3A0%3Bs%3A9%3A%22_identity%22%3Bi%3A1%3Bs%3A47%3A%22%5B53%2C%22JwTtz4-xTKvuK8sTqiVIk_chQQA16FaE%22%2C2592000%5D%22%3B%7D; advanced-backend=32fa3ea2de4c91a28c2cb89e99b92d9e; _csrf-backend=a90bf170ce5bf6399912d6415df615ba3a36579c7a5bd2e1c8a8264368912998a%3A2%3A%7Bi%3A0%3Bs%3A13%3A%22_csrf-backend%22%3Bi%3A1%3Bs%3A32%3A%223wB9MHviHZ9lmhAkn5KNZCpU8Y7tJlGp%22%3B%7D; advanced-frontend=3dd54a41f2f5c6894043687831fc6514; _csrf-frontend=bbdec0b927d44974bbabea269de9c136c7fcbc0ee3cae25969395571fccf956da%3A2%3A%7Bi%3A0%3Bs%3A14%3A%22_csrf-frontend%22%3Bi%3A1%3Bs%3A32%3A%22TK3jKxvX_YXArxNlXP7icNpCn1-2rU1u%22%3B%7D'
    'HTTP_UPGRADE_INSECURE_REQUESTS' => '1'
    'HTTP_CACHE_CONTROL' => 'max-age=0'
    'PATH' => '/usr/bin:/bin:/usr/sbin:/sbin'
    'SERVER_SIGNATURE' => ''
    'SERVER_SOFTWARE' => 'Apache'
    'SERVER_NAME' => 'yii'
    'SERVER_ADDR' => '::1'
    'SERVER_PORT' => '80'
    'REMOTE_ADDR' => '::1'
    'DOCUMENT_ROOT' => '/Applications/MAMP/htdocs/web/yii'
    'SERVER_ADMIN' => 'you@example.com'
    'SCRIPT_FILENAME' => '/Applications/MAMP/htdocs/web/yii/backend/web/index.php'
    'REMOTE_PORT' => '60206'
    'GATEWAY_INTERFACE' => 'CGI/1.1'
    'SERVER_PROTOCOL' => 'HTTP/1.1'
    'REQUEST_METHOD' => 'GET'
    'QUERY_STRING' => 'r=imsindex'
    'REQUEST_URI' => '/backend/web/index.php?r=imsindex'
    'SCRIPT_NAME' => '/backend/web/index.php'
    'PHP_SELF' => '/backend/web/index.php'
    'REQUEST_TIME_FLOAT' => 1574394354.31
    'REQUEST_TIME' => 1574394354
    'argv' => [
        0 => 'r=imsindex'
    ]
    'argc' => 1
]
2019-11-22 11:48:33 [::1][53][32fa3ea2de4c91a28c2cb89e99b92d9e][error][yii\base\ViewNotFoundException] yii\base\ViewNotFoundException: The view file does not exist: /Applications/MAMP/htdocs/web/yii/backend/views/imsindex/viewfile.php in /Applications/MAMP/htdocs/web/yii/vendor/yiisoft/yii2/base/View.php:233
Stack trace:
#0 /Applications/MAMP/htdocs/web/yii/vendor/yiisoft/yii2/base/View.php(156): yii\base\View->renderFile('/Applications/M...', Array, NULL)
#1 /Applications/MAMP/htdocs/web/yii/backend/views/imsindex/index.php(124): yii\base\View->render('viewfile')
#2 /Applications/MAMP/htdocs/web/yii/vendor/yiisoft/yii2/base/View.php(348): require('/Applications/M...')
#3 /Applications/MAMP/htdocs/web/yii/vendor/yiisoft/yii2/base/View.php(257): yii\base\View->renderPhpFile('/Applications/M...', Array)
#4 /Applications/MAMP/htdocs/web/yii/vendor/yiisoft/yii2/base/View.php(156): yii\base\View->renderFile('/Applications/M...', Array, Object(backend\controllers\ImsindexController))
#5 /Applications/MAMP/htdocs/web/yii/vendor/yiisoft/yii2/base/Controller.php(384): yii\base\View->render('index', Array, Object(backend\controllers\ImsindexController))
#6 /Applications/MAMP/htdocs/web/yii/backend/controllers/ImsindexController.php(45): yii\base\Controller->render('index', Array)
#7 [internal function]: backend\controllers\ImsindexController->actionIndex()
#8 /Applications/MAMP/htdocs/web/yii/vendor/yiisoft/yii2/base/InlineAction.php(57): call_user_func_array(Array, Array)
#9 /Applications/MAMP/htdocs/web/yii/vendor/yiisoft/yii2/base/Controller.php(157): yii\base\InlineAction->runWithParams(Array)
#10 /Applications/MAMP/htdocs/web/yii/vendor/yiisoft/yii2/base/Module.php(528): yii\base\Controller->runAction('', Array)
#11 /Applications/MAMP/htdocs/web/yii/vendor/yiisoft/yii2/web/Application.php(103): yii\base\Module->runAction('imsindex', Array)
#12 /Applications/MAMP/htdocs/web/yii/vendor/yiisoft/yii2/base/Application.php(386): yii\web\Application->handleRequest(Object(yii\web\Request))
#13 /Applications/MAMP/htdocs/web/yii/backend/web/index.php(18): yii\base\Application->run()
#14 {main}
2019-11-22 11:48:33 [::1][53][32fa3ea2de4c91a28c2cb89e99b92d9e][info][application] $_GET = [
    'r' => 'imsindex'
]

$_POST = []

$_FILES = []

$_COOKIE = [
    '_identity' => '5ebadecdf237960060827e974e204a6ae8d9a02278d34dc18556d0bf80a8cc69a:2:{i:0;s:9:\"_identity\";i:1;s:47:\"[53,\"JwTtz4-xTKvuK8sTqiVIk_chQQA16FaE\",2592000]\";}'
    'advanced-backend' => '32fa3ea2de4c91a28c2cb89e99b92d9e'
    '_csrf-backend' => 'a90bf170ce5bf6399912d6415df615ba3a36579c7a5bd2e1c8a8264368912998a:2:{i:0;s:13:\"_csrf-backend\";i:1;s:32:\"3wB9MHviHZ9lmhAkn5KNZCpU8Y7tJlGp\";}'
    'advanced-frontend' => '3dd54a41f2f5c6894043687831fc6514'
    '_csrf-frontend' => 'bbdec0b927d44974bbabea269de9c136c7fcbc0ee3cae25969395571fccf956da:2:{i:0;s:14:\"_csrf-frontend\";i:1;s:32:\"TK3jKxvX_YXArxNlXP7icNpCn1-2rU1u\";}'
]

$_SESSION = [
    '__flash' => []
    '__id' => 53
]

$_SERVER = [
    'HTTP_HOST' => 'yii'
    'HTTP_USER_AGENT' => 'Mozilla/5.0 (Macintosh; Intel Mac OS X 10.13; rv:70.0) Gecko/20100101 Firefox/70.0'
    'HTTP_ACCEPT' => 'text/html,application/xhtml+xml,application/xml;q=0.9,*/*;q=0.8'
    'HTTP_ACCEPT_LANGUAGE' => 'zh-CN,zh;q=0.8,zh-TW;q=0.7,zh-HK;q=0.5,en-US;q=0.3,en;q=0.2'
    'HTTP_ACCEPT_ENCODING' => 'gzip, deflate'
    'HTTP_CONNECTION' => 'keep-alive'
    'HTTP_COOKIE' => '_identity=5ebadecdf237960060827e974e204a6ae8d9a02278d34dc18556d0bf80a8cc69a%3A2%3A%7Bi%3A0%3Bs%3A9%3A%22_identity%22%3Bi%3A1%3Bs%3A47%3A%22%5B53%2C%22JwTtz4-xTKvuK8sTqiVIk_chQQA16FaE%22%2C2592000%5D%22%3B%7D; advanced-backend=32fa3ea2de4c91a28c2cb89e99b92d9e; _csrf-backend=a90bf170ce5bf6399912d6415df615ba3a36579c7a5bd2e1c8a8264368912998a%3A2%3A%7Bi%3A0%3Bs%3A13%3A%22_csrf-backend%22%3Bi%3A1%3Bs%3A32%3A%223wB9MHviHZ9lmhAkn5KNZCpU8Y7tJlGp%22%3B%7D; advanced-frontend=3dd54a41f2f5c6894043687831fc6514; _csrf-frontend=bbdec0b927d44974bbabea269de9c136c7fcbc0ee3cae25969395571fccf956da%3A2%3A%7Bi%3A0%3Bs%3A14%3A%22_csrf-frontend%22%3Bi%3A1%3Bs%3A32%3A%22TK3jKxvX_YXArxNlXP7icNpCn1-2rU1u%22%3B%7D'
    'HTTP_UPGRADE_INSECURE_REQUESTS' => '1'
    'HTTP_CACHE_CONTROL' => 'max-age=0'
    'PATH' => '/usr/bin:/bin:/usr/sbin:/sbin'
    'SERVER_SIGNATURE' => ''
    'SERVER_SOFTWARE' => 'Apache'
    'SERVER_NAME' => 'yii'
    'SERVER_ADDR' => '::1'
    'SERVER_PORT' => '80'
    'REMOTE_ADDR' => '::1'
    'DOCUMENT_ROOT' => '/Applications/MAMP/htdocs/web/yii'
    'SERVER_ADMIN' => 'you@example.com'
    'SCRIPT_FILENAME' => '/Applications/MAMP/htdocs/web/yii/backend/web/index.php'
    'REMOTE_PORT' => '60876'
    'GATEWAY_INTERFACE' => 'CGI/1.1'
    'SERVER_PROTOCOL' => 'HTTP/1.1'
    'REQUEST_METHOD' => 'GET'
    'QUERY_STRING' => 'r=imsindex'
    'REQUEST_URI' => '/backend/web/index.php?r=imsindex'
    'SCRIPT_NAME' => '/backend/web/index.php'
    'PHP_SELF' => '/backend/web/index.php'
    'REQUEST_TIME_FLOAT' => 1574394513.16
    'REQUEST_TIME' => 1574394513
    'argv' => [
        0 => 'r=imsindex'
    ]
    'argc' => 1
]
2019-11-22 11:48:46 [::1][53][32fa3ea2de4c91a28c2cb89e99b92d9e][error][Error] Error: Class 'common\components\Html' not found in /Applications/MAMP/htdocs/web/yii/common/components/Awsome.php:22
Stack trace:
#0 /Applications/MAMP/htdocs/web/yii/vendor/yiisoft/yii2/base/Widget.php(109): common\components\Awsome->run()
#1 /Applications/MAMP/htdocs/web/yii/backend/views/imsindex/index.php(126): yii\base\Widget::end()
#2 /Applications/MAMP/htdocs/web/yii/vendor/yiisoft/yii2/base/View.php(348): require('/Applications/M...')
#3 /Applications/MAMP/htdocs/web/yii/vendor/yiisoft/yii2/base/View.php(257): yii\base\View->renderPhpFile('/Applications/M...', Array)
#4 /Applications/MAMP/htdocs/web/yii/vendor/yiisoft/yii2/base/View.php(156): yii\base\View->renderFile('/Applications/M...', Array, Object(backend\controllers\ImsindexController))
#5 /Applications/MAMP/htdocs/web/yii/vendor/yiisoft/yii2/base/Controller.php(384): yii\base\View->render('index', Array, Object(backend\controllers\ImsindexController))
#6 /Applications/MAMP/htdocs/web/yii/backend/controllers/ImsindexController.php(45): yii\base\Controller->render('index', Array)
#7 [internal function]: backend\controllers\ImsindexController->actionIndex()
#8 /Applications/MAMP/htdocs/web/yii/vendor/yiisoft/yii2/base/InlineAction.php(57): call_user_func_array(Array, Array)
#9 /Applications/MAMP/htdocs/web/yii/vendor/yiisoft/yii2/base/Controller.php(157): yii\base\InlineAction->runWithParams(Array)
#10 /Applications/MAMP/htdocs/web/yii/vendor/yiisoft/yii2/base/Module.php(528): yii\base\Controller->runAction('', Array)
#11 /Applications/MAMP/htdocs/web/yii/vendor/yiisoft/yii2/web/Application.php(103): yii\base\Module->runAction('imsindex', Array)
#12 /Applications/MAMP/htdocs/web/yii/vendor/yiisoft/yii2/base/Application.php(386): yii\web\Application->handleRequest(Object(yii\web\Request))
#13 /Applications/MAMP/htdocs/web/yii/backend/web/index.php(18): yii\base\Application->run()
#14 {main}
2019-11-22 11:48:46 [::1][53][32fa3ea2de4c91a28c2cb89e99b92d9e][info][application] $_GET = [
    'r' => 'imsindex'
]

$_POST = []

$_FILES = []

$_COOKIE = [
    '_identity' => '5ebadecdf237960060827e974e204a6ae8d9a02278d34dc18556d0bf80a8cc69a:2:{i:0;s:9:\"_identity\";i:1;s:47:\"[53,\"JwTtz4-xTKvuK8sTqiVIk_chQQA16FaE\",2592000]\";}'
    'advanced-backend' => '32fa3ea2de4c91a28c2cb89e99b92d9e'
    '_csrf-backend' => 'a90bf170ce5bf6399912d6415df615ba3a36579c7a5bd2e1c8a8264368912998a:2:{i:0;s:13:\"_csrf-backend\";i:1;s:32:\"3wB9MHviHZ9lmhAkn5KNZCpU8Y7tJlGp\";}'
    'advanced-frontend' => '3dd54a41f2f5c6894043687831fc6514'
    '_csrf-frontend' => 'bbdec0b927d44974bbabea269de9c136c7fcbc0ee3cae25969395571fccf956da:2:{i:0;s:14:\"_csrf-frontend\";i:1;s:32:\"TK3jKxvX_YXArxNlXP7icNpCn1-2rU1u\";}'
]

$_SESSION = [
    '__flash' => []
    '__id' => 53
]

$_SERVER = [
    'HTTP_HOST' => 'yii'
    'HTTP_USER_AGENT' => 'Mozilla/5.0 (Macintosh; Intel Mac OS X 10.13; rv:70.0) Gecko/20100101 Firefox/70.0'
    'HTTP_ACCEPT' => 'text/html,application/xhtml+xml,application/xml;q=0.9,*/*;q=0.8'
    'HTTP_ACCEPT_LANGUAGE' => 'zh-CN,zh;q=0.8,zh-TW;q=0.7,zh-HK;q=0.5,en-US;q=0.3,en;q=0.2'
    'HTTP_ACCEPT_ENCODING' => 'gzip, deflate'
    'HTTP_CONNECTION' => 'keep-alive'
    'HTTP_COOKIE' => '_identity=5ebadecdf237960060827e974e204a6ae8d9a02278d34dc18556d0bf80a8cc69a%3A2%3A%7Bi%3A0%3Bs%3A9%3A%22_identity%22%3Bi%3A1%3Bs%3A47%3A%22%5B53%2C%22JwTtz4-xTKvuK8sTqiVIk_chQQA16FaE%22%2C2592000%5D%22%3B%7D; advanced-backend=32fa3ea2de4c91a28c2cb89e99b92d9e; _csrf-backend=a90bf170ce5bf6399912d6415df615ba3a36579c7a5bd2e1c8a8264368912998a%3A2%3A%7Bi%3A0%3Bs%3A13%3A%22_csrf-backend%22%3Bi%3A1%3Bs%3A32%3A%223wB9MHviHZ9lmhAkn5KNZCpU8Y7tJlGp%22%3B%7D; advanced-frontend=3dd54a41f2f5c6894043687831fc6514; _csrf-frontend=bbdec0b927d44974bbabea269de9c136c7fcbc0ee3cae25969395571fccf956da%3A2%3A%7Bi%3A0%3Bs%3A14%3A%22_csrf-frontend%22%3Bi%3A1%3Bs%3A32%3A%22TK3jKxvX_YXArxNlXP7icNpCn1-2rU1u%22%3B%7D'
    'HTTP_UPGRADE_INSECURE_REQUESTS' => '1'
    'HTTP_CACHE_CONTROL' => 'max-age=0'
    'PATH' => '/usr/bin:/bin:/usr/sbin:/sbin'
    'SERVER_SIGNATURE' => ''
    'SERVER_SOFTWARE' => 'Apache'
    'SERVER_NAME' => 'yii'
    'SERVER_ADDR' => '::1'
    'SERVER_PORT' => '80'
    'REMOTE_ADDR' => '::1'
    'DOCUMENT_ROOT' => '/Applications/MAMP/htdocs/web/yii'
    'SERVER_ADMIN' => 'you@example.com'
    'SCRIPT_FILENAME' => '/Applications/MAMP/htdocs/web/yii/backend/web/index.php'
    'REMOTE_PORT' => '60937'
    'GATEWAY_INTERFACE' => 'CGI/1.1'
    'SERVER_PROTOCOL' => 'HTTP/1.1'
    'REQUEST_METHOD' => 'GET'
    'QUERY_STRING' => 'r=imsindex'
    'REQUEST_URI' => '/backend/web/index.php?r=imsindex'
    'SCRIPT_NAME' => '/backend/web/index.php'
    'PHP_SELF' => '/backend/web/index.php'
    'REQUEST_TIME_FLOAT' => 1574394526.1
    'REQUEST_TIME' => 1574394526
    'argv' => [
        0 => 'r=imsindex'
    ]
    'argc' => 1
]
2019-11-22 14:58:15 [::1][53][32fa3ea2de4c91a28c2cb89e99b92d9e][error][yii\base\UnknownPropertyException] yii\base\UnknownPropertyException: Getting unknown property: common\widgets\Awsome::message in /Applications/MAMP/htdocs/web/yii/vendor/yiisoft/yii2/base/Component.php:154
Stack trace:
#0 /Applications/MAMP/htdocs/web/yii/common/widgets/Awsome.php(17): yii\base\Component->__get('message')
#1 /Applications/MAMP/htdocs/web/yii/vendor/yiisoft/yii2/base/BaseObject.php(109): common\widgets\Awsome->init()
#2 [internal function]: yii\base\BaseObject->__construct(Array)
#3 /Applications/MAMP/htdocs/web/yii/vendor/yiisoft/yii2/di/Container.php(384): ReflectionClass->newInstanceArgs(Array)
#4 /Applications/MAMP/htdocs/web/yii/vendor/yiisoft/yii2/di/Container.php(156): yii\di\Container->build('common\\widgets\\...', Array, Array)
#5 /Applications/MAMP/htdocs/web/yii/vendor/yiisoft/yii2/BaseYii.php(349): yii\di\Container->get('common\\widgets\\...', Array, Array)
#6 /Applications/MAMP/htdocs/web/yii/vendor/yiisoft/yii2/base/Widget.php(137): yii\BaseYii::createObject(Array)
#7 /Applications/MAMP/htdocs/web/yii/backend/views/imsindex/index.php(112): yii\base\Widget::widget(Array)
#8 /Applications/MAMP/htdocs/web/yii/vendor/yiisoft/yii2/base/View.php(348): require('/Applications/M...')
#9 /Applications/MAMP/htdocs/web/yii/vendor/yiisoft/yii2/base/View.php(257): yii\base\View->renderPhpFile('/Applications/M...', Array)
#10 /Applications/MAMP/htdocs/web/yii/vendor/yiisoft/yii2/base/View.php(156): yii\base\View->renderFile('/Applications/M...', Array, Object(backend\controllers\ImsindexController))
#11 /Applications/MAMP/htdocs/web/yii/vendor/yiisoft/yii2/base/Controller.php(384): yii\base\View->render('index', Array, Object(backend\controllers\ImsindexController))
#12 /Applications/MAMP/htdocs/web/yii/backend/controllers/ImsindexController.php(45): yii\base\Controller->render('index', Array)
#13 [internal function]: backend\controllers\ImsindexController->actionIndex()
#14 /Applications/MAMP/htdocs/web/yii/vendor/yiisoft/yii2/base/InlineAction.php(57): call_user_func_array(Array, Array)
#15 /Applications/MAMP/htdocs/web/yii/vendor/yiisoft/yii2/base/Controller.php(157): yii\base\InlineAction->runWithParams(Array)
#16 /Applications/MAMP/htdocs/web/yii/vendor/yiisoft/yii2/base/Module.php(528): yii\base\Controller->runAction('', Array)
#17 /Applications/MAMP/htdocs/web/yii/vendor/yiisoft/yii2/web/Application.php(103): yii\base\Module->runAction('imsindex', Array)
#18 /Applications/MAMP/htdocs/web/yii/vendor/yiisoft/yii2/base/Application.php(386): yii\web\Application->handleRequest(Object(yii\web\Request))
#19 /Applications/MAMP/htdocs/web/yii/backend/web/index.php(18): yii\base\Application->run()
#20 {main}
2019-11-22 14:58:15 [::1][53][32fa3ea2de4c91a28c2cb89e99b92d9e][info][application] $_GET = [
    'r' => 'imsindex'
]

$_POST = []

$_FILES = []

$_COOKIE = [
    '_identity' => '5ebadecdf237960060827e974e204a6ae8d9a02278d34dc18556d0bf80a8cc69a:2:{i:0;s:9:\"_identity\";i:1;s:47:\"[53,\"JwTtz4-xTKvuK8sTqiVIk_chQQA16FaE\",2592000]\";}'
    'advanced-backend' => '32fa3ea2de4c91a28c2cb89e99b92d9e'
    '_csrf-backend' => 'a90bf170ce5bf6399912d6415df615ba3a36579c7a5bd2e1c8a8264368912998a:2:{i:0;s:13:\"_csrf-backend\";i:1;s:32:\"3wB9MHviHZ9lmhAkn5KNZCpU8Y7tJlGp\";}'
    'advanced-frontend' => '3dd54a41f2f5c6894043687831fc6514'
    '_csrf-frontend' => 'bbdec0b927d44974bbabea269de9c136c7fcbc0ee3cae25969395571fccf956da:2:{i:0;s:14:\"_csrf-frontend\";i:1;s:32:\"TK3jKxvX_YXArxNlXP7icNpCn1-2rU1u\";}'
]

$_SESSION = [
    '__flash' => []
    '__id' => 53
]

$_SERVER = [
    'HTTP_HOST' => 'yii'
    'HTTP_USER_AGENT' => 'Mozilla/5.0 (Macintosh; Intel Mac OS X 10.13; rv:70.0) Gecko/20100101 Firefox/70.0'
    'HTTP_ACCEPT' => 'text/html,application/xhtml+xml,application/xml;q=0.9,*/*;q=0.8'
    'HTTP_ACCEPT_LANGUAGE' => 'zh-CN,zh;q=0.8,zh-TW;q=0.7,zh-HK;q=0.5,en-US;q=0.3,en;q=0.2'
    'HTTP_ACCEPT_ENCODING' => 'gzip, deflate'
    'HTTP_CONNECTION' => 'keep-alive'
    'HTTP_COOKIE' => '_identity=5ebadecdf237960060827e974e204a6ae8d9a02278d34dc18556d0bf80a8cc69a%3A2%3A%7Bi%3A0%3Bs%3A9%3A%22_identity%22%3Bi%3A1%3Bs%3A47%3A%22%5B53%2C%22JwTtz4-xTKvuK8sTqiVIk_chQQA16FaE%22%2C2592000%5D%22%3B%7D; advanced-backend=32fa3ea2de4c91a28c2cb89e99b92d9e; _csrf-backend=a90bf170ce5bf6399912d6415df615ba3a36579c7a5bd2e1c8a8264368912998a%3A2%3A%7Bi%3A0%3Bs%3A13%3A%22_csrf-backend%22%3Bi%3A1%3Bs%3A32%3A%223wB9MHviHZ9lmhAkn5KNZCpU8Y7tJlGp%22%3B%7D; advanced-frontend=3dd54a41f2f5c6894043687831fc6514; _csrf-frontend=bbdec0b927d44974bbabea269de9c136c7fcbc0ee3cae25969395571fccf956da%3A2%3A%7Bi%3A0%3Bs%3A14%3A%22_csrf-frontend%22%3Bi%3A1%3Bs%3A32%3A%22TK3jKxvX_YXArxNlXP7icNpCn1-2rU1u%22%3B%7D'
    'HTTP_UPGRADE_INSECURE_REQUESTS' => '1'
    'HTTP_CACHE_CONTROL' => 'max-age=0'
    'PATH' => '/usr/bin:/bin:/usr/sbin:/sbin'
    'SERVER_SIGNATURE' => ''
    'SERVER_SOFTWARE' => 'Apache'
    'SERVER_NAME' => 'yii'
    'SERVER_ADDR' => '::1'
    'SERVER_PORT' => '80'
    'REMOTE_ADDR' => '::1'
    'DOCUMENT_ROOT' => '/Applications/MAMP/htdocs/web/yii'
    'SERVER_ADMIN' => 'you@example.com'
    'SCRIPT_FILENAME' => '/Applications/MAMP/htdocs/web/yii/backend/web/index.php'
    'REMOTE_PORT' => '62484'
    'GATEWAY_INTERFACE' => 'CGI/1.1'
    'SERVER_PROTOCOL' => 'HTTP/1.1'
    'REQUEST_METHOD' => 'GET'
    'QUERY_STRING' => 'r=imsindex'
    'REQUEST_URI' => '/backend/web/index.php?r=imsindex'
    'SCRIPT_NAME' => '/backend/web/index.php'
    'PHP_SELF' => '/backend/web/index.php'
    'REQUEST_TIME_FLOAT' => 1574405895.09
    'REQUEST_TIME' => 1574405895
    'argv' => [
        0 => 'r=imsindex'
    ]
    'argc' => 1
]
2019-11-22 14:58:31 [::1][53][32fa3ea2de4c91a28c2cb89e99b92d9e][error][yii\base\ViewNotFoundException] yii\base\ViewNotFoundException: The view file does not exist: /Applications/MAMP/htdocs/web/yii/common/widgets/views/index.php in /Applications/MAMP/htdocs/web/yii/vendor/yiisoft/yii2/base/View.php:233
Stack trace:
#0 /Applications/MAMP/htdocs/web/yii/vendor/yiisoft/yii2/base/View.php(156): yii\base\View->renderFile('/Applications/M...', Array, Object(common\widgets\Awsome))
#1 /Applications/MAMP/htdocs/web/yii/vendor/yiisoft/yii2/base/Widget.php(236): yii\base\View->render('index', Array, Object(common\widgets\Awsome))
#2 /Applications/MAMP/htdocs/web/yii/common/widgets/Awsome.php(27): yii\base\Widget->render('index')
#3 /Applications/MAMP/htdocs/web/yii/vendor/yiisoft/yii2/base/Widget.php(140): common\widgets\Awsome->run()
#4 /Applications/MAMP/htdocs/web/yii/backend/views/imsindex/index.php(112): yii\base\Widget::widget(Array)
#5 /Applications/MAMP/htdocs/web/yii/vendor/yiisoft/yii2/base/View.php(348): require('/Applications/M...')
#6 /Applications/MAMP/htdocs/web/yii/vendor/yiisoft/yii2/base/View.php(257): yii\base\View->renderPhpFile('/Applications/M...', Array)
#7 /Applications/MAMP/htdocs/web/yii/vendor/yiisoft/yii2/base/View.php(156): yii\base\View->renderFile('/Applications/M...', Array, Object(backend\controllers\ImsindexController))
#8 /Applications/MAMP/htdocs/web/yii/vendor/yiisoft/yii2/base/Controller.php(384): yii\base\View->render('index', Array, Object(backend\controllers\ImsindexController))
#9 /Applications/MAMP/htdocs/web/yii/backend/controllers/ImsindexController.php(45): yii\base\Controller->render('index', Array)
#10 [internal function]: backend\controllers\ImsindexController->actionIndex()
#11 /Applications/MAMP/htdocs/web/yii/vendor/yiisoft/yii2/base/InlineAction.php(57): call_user_func_array(Array, Array)
#12 /Applications/MAMP/htdocs/web/yii/vendor/yiisoft/yii2/base/Controller.php(157): yii\base\InlineAction->runWithParams(Array)
#13 /Applications/MAMP/htdocs/web/yii/vendor/yiisoft/yii2/base/Module.php(528): yii\base\Controller->runAction('', Array)
#14 /Applications/MAMP/htdocs/web/yii/vendor/yiisoft/yii2/web/Application.php(103): yii\base\Module->runAction('imsindex', Array)
#15 /Applications/MAMP/htdocs/web/yii/vendor/yiisoft/yii2/base/Application.php(386): yii\web\Application->handleRequest(Object(yii\web\Request))
#16 /Applications/MAMP/htdocs/web/yii/backend/web/index.php(18): yii\base\Application->run()
#17 {main}
2019-11-22 14:58:31 [::1][53][32fa3ea2de4c91a28c2cb89e99b92d9e][info][application] $_GET = [
    'r' => 'imsindex'
]

$_POST = []

$_FILES = []

$_COOKIE = [
    '_identity' => '5ebadecdf237960060827e974e204a6ae8d9a02278d34dc18556d0bf80a8cc69a:2:{i:0;s:9:\"_identity\";i:1;s:47:\"[53,\"JwTtz4-xTKvuK8sTqiVIk_chQQA16FaE\",2592000]\";}'
    'advanced-backend' => '32fa3ea2de4c91a28c2cb89e99b92d9e'
    '_csrf-backend' => 'a90bf170ce5bf6399912d6415df615ba3a36579c7a5bd2e1c8a8264368912998a:2:{i:0;s:13:\"_csrf-backend\";i:1;s:32:\"3wB9MHviHZ9lmhAkn5KNZCpU8Y7tJlGp\";}'
    'advanced-frontend' => '3dd54a41f2f5c6894043687831fc6514'
    '_csrf-frontend' => 'bbdec0b927d44974bbabea269de9c136c7fcbc0ee3cae25969395571fccf956da:2:{i:0;s:14:\"_csrf-frontend\";i:1;s:32:\"TK3jKxvX_YXArxNlXP7icNpCn1-2rU1u\";}'
]

$_SESSION = [
    '__flash' => []
    '__id' => 53
]

$_SERVER = [
    'HTTP_HOST' => 'yii'
    'HTTP_USER_AGENT' => 'Mozilla/5.0 (Macintosh; Intel Mac OS X 10.13; rv:70.0) Gecko/20100101 Firefox/70.0'
    'HTTP_ACCEPT' => 'text/html,application/xhtml+xml,application/xml;q=0.9,*/*;q=0.8'
    'HTTP_ACCEPT_LANGUAGE' => 'zh-CN,zh;q=0.8,zh-TW;q=0.7,zh-HK;q=0.5,en-US;q=0.3,en;q=0.2'
    'HTTP_ACCEPT_ENCODING' => 'gzip, deflate'
    'HTTP_CONNECTION' => 'keep-alive'
    'HTTP_COOKIE' => '_identity=5ebadecdf237960060827e974e204a6ae8d9a02278d34dc18556d0bf80a8cc69a%3A2%3A%7Bi%3A0%3Bs%3A9%3A%22_identity%22%3Bi%3A1%3Bs%3A47%3A%22%5B53%2C%22JwTtz4-xTKvuK8sTqiVIk_chQQA16FaE%22%2C2592000%5D%22%3B%7D; advanced-backend=32fa3ea2de4c91a28c2cb89e99b92d9e; _csrf-backend=a90bf170ce5bf6399912d6415df615ba3a36579c7a5bd2e1c8a8264368912998a%3A2%3A%7Bi%3A0%3Bs%3A13%3A%22_csrf-backend%22%3Bi%3A1%3Bs%3A32%3A%223wB9MHviHZ9lmhAkn5KNZCpU8Y7tJlGp%22%3B%7D; advanced-frontend=3dd54a41f2f5c6894043687831fc6514; _csrf-frontend=bbdec0b927d44974bbabea269de9c136c7fcbc0ee3cae25969395571fccf956da%3A2%3A%7Bi%3A0%3Bs%3A14%3A%22_csrf-frontend%22%3Bi%3A1%3Bs%3A32%3A%22TK3jKxvX_YXArxNlXP7icNpCn1-2rU1u%22%3B%7D'
    'HTTP_UPGRADE_INSECURE_REQUESTS' => '1'
    'HTTP_CACHE_CONTROL' => 'max-age=0'
    'PATH' => '/usr/bin:/bin:/usr/sbin:/sbin'
    'SERVER_SIGNATURE' => ''
    'SERVER_SOFTWARE' => 'Apache'
    'SERVER_NAME' => 'yii'
    'SERVER_ADDR' => '::1'
    'SERVER_PORT' => '80'
    'REMOTE_ADDR' => '::1'
    'DOCUMENT_ROOT' => '/Applications/MAMP/htdocs/web/yii'
    'SERVER_ADMIN' => 'you@example.com'
    'SCRIPT_FILENAME' => '/Applications/MAMP/htdocs/web/yii/backend/web/index.php'
    'REMOTE_PORT' => '62550'
    'GATEWAY_INTERFACE' => 'CGI/1.1'
    'SERVER_PROTOCOL' => 'HTTP/1.1'
    'REQUEST_METHOD' => 'GET'
    'QUERY_STRING' => 'r=imsindex'
    'REQUEST_URI' => '/backend/web/index.php?r=imsindex'
    'SCRIPT_NAME' => '/backend/web/index.php'
    'PHP_SELF' => '/backend/web/index.php'
    'REQUEST_TIME_FLOAT' => 1574405911.76
    'REQUEST_TIME' => 1574405911
    'argv' => [
        0 => 'r=imsindex'
    ]
    'argc' => 1
]
2019-11-22 14:59:46 [::1][53][32fa3ea2de4c91a28c2cb89e99b92d9e][error][yii\base\ViewNotFoundException] yii\base\ViewNotFoundException: The view file does not exist: /Applications/MAMP/htdocs/web/yii/common/widgets/views/index.php in /Applications/MAMP/htdocs/web/yii/vendor/yiisoft/yii2/base/View.php:233
Stack trace:
#0 /Applications/MAMP/htdocs/web/yii/vendor/yiisoft/yii2/base/View.php(156): yii\base\View->renderFile('/Applications/M...', Array, Object(common\widgets\Awsome))
#1 /Applications/MAMP/htdocs/web/yii/vendor/yiisoft/yii2/base/Widget.php(236): yii\base\View->render('index', Array, Object(common\widgets\Awsome))
#2 /Applications/MAMP/htdocs/web/yii/common/widgets/Awsome.php(27): yii\base\Widget->render('index')
#3 /Applications/MAMP/htdocs/web/yii/vendor/yiisoft/yii2/base/Widget.php(140): common\widgets\Awsome->run()
#4 /Applications/MAMP/htdocs/web/yii/backend/views/imsindex/index.php(112): yii\base\Widget::widget(Array)
#5 /Applications/MAMP/htdocs/web/yii/vendor/yiisoft/yii2/base/View.php(348): require('/Applications/M...')
#6 /Applications/MAMP/htdocs/web/yii/vendor/yiisoft/yii2/base/View.php(257): yii\base\View->renderPhpFile('/Applications/M...', Array)
#7 /Applications/MAMP/htdocs/web/yii/vendor/yiisoft/yii2/base/View.php(156): yii\base\View->renderFile('/Applications/M...', Array, Object(backend\controllers\ImsindexController))
#8 /Applications/MAMP/htdocs/web/yii/vendor/yiisoft/yii2/base/Controller.php(384): yii\base\View->render('index', Array, Object(backend\controllers\ImsindexController))
#9 /Applications/MAMP/htdocs/web/yii/backend/controllers/ImsindexController.php(45): yii\base\Controller->render('index', Array)
#10 [internal function]: backend\controllers\ImsindexController->actionIndex()
#11 /Applications/MAMP/htdocs/web/yii/vendor/yiisoft/yii2/base/InlineAction.php(57): call_user_func_array(Array, Array)
#12 /Applications/MAMP/htdocs/web/yii/vendor/yiisoft/yii2/base/Controller.php(157): yii\base\InlineAction->runWithParams(Array)
#13 /Applications/MAMP/htdocs/web/yii/vendor/yiisoft/yii2/base/Module.php(528): yii\base\Controller->runAction('', Array)
#14 /Applications/MAMP/htdocs/web/yii/vendor/yiisoft/yii2/web/Application.php(103): yii\base\Module->runAction('imsindex', Array)
#15 /Applications/MAMP/htdocs/web/yii/vendor/yiisoft/yii2/base/Application.php(386): yii\web\Application->handleRequest(Object(yii\web\Request))
#16 /Applications/MAMP/htdocs/web/yii/backend/web/index.php(18): yii\base\Application->run()
#17 {main}
2019-11-22 14:59:46 [::1][53][32fa3ea2de4c91a28c2cb89e99b92d9e][info][application] $_GET = [
    'r' => 'imsindex'
]

$_POST = []

$_FILES = []

$_COOKIE = [
    '_identity' => '5ebadecdf237960060827e974e204a6ae8d9a02278d34dc18556d0bf80a8cc69a:2:{i:0;s:9:\"_identity\";i:1;s:47:\"[53,\"JwTtz4-xTKvuK8sTqiVIk_chQQA16FaE\",2592000]\";}'
    'advanced-backend' => '32fa3ea2de4c91a28c2cb89e99b92d9e'
    '_csrf-backend' => 'a90bf170ce5bf6399912d6415df615ba3a36579c7a5bd2e1c8a8264368912998a:2:{i:0;s:13:\"_csrf-backend\";i:1;s:32:\"3wB9MHviHZ9lmhAkn5KNZCpU8Y7tJlGp\";}'
    'advanced-frontend' => '3dd54a41f2f5c6894043687831fc6514'
    '_csrf-frontend' => 'bbdec0b927d44974bbabea269de9c136c7fcbc0ee3cae25969395571fccf956da:2:{i:0;s:14:\"_csrf-frontend\";i:1;s:32:\"TK3jKxvX_YXArxNlXP7icNpCn1-2rU1u\";}'
]

$_SESSION = [
    '__flash' => []
    '__id' => 53
]

$_SERVER = [
    'HTTP_HOST' => 'yii'
    'HTTP_USER_AGENT' => 'Mozilla/5.0 (Macintosh; Intel Mac OS X 10.13; rv:70.0) Gecko/20100101 Firefox/70.0'
    'HTTP_ACCEPT' => 'text/html,application/xhtml+xml,application/xml;q=0.9,*/*;q=0.8'
    'HTTP_ACCEPT_LANGUAGE' => 'zh-CN,zh;q=0.8,zh-TW;q=0.7,zh-HK;q=0.5,en-US;q=0.3,en;q=0.2'
    'HTTP_ACCEPT_ENCODING' => 'gzip, deflate'
    'HTTP_CONNECTION' => 'keep-alive'
    'HTTP_COOKIE' => '_identity=5ebadecdf237960060827e974e204a6ae8d9a02278d34dc18556d0bf80a8cc69a%3A2%3A%7Bi%3A0%3Bs%3A9%3A%22_identity%22%3Bi%3A1%3Bs%3A47%3A%22%5B53%2C%22JwTtz4-xTKvuK8sTqiVIk_chQQA16FaE%22%2C2592000%5D%22%3B%7D; advanced-backend=32fa3ea2de4c91a28c2cb89e99b92d9e; _csrf-backend=a90bf170ce5bf6399912d6415df615ba3a36579c7a5bd2e1c8a8264368912998a%3A2%3A%7Bi%3A0%3Bs%3A13%3A%22_csrf-backend%22%3Bi%3A1%3Bs%3A32%3A%223wB9MHviHZ9lmhAkn5KNZCpU8Y7tJlGp%22%3B%7D; advanced-frontend=3dd54a41f2f5c6894043687831fc6514; _csrf-frontend=bbdec0b927d44974bbabea269de9c136c7fcbc0ee3cae25969395571fccf956da%3A2%3A%7Bi%3A0%3Bs%3A14%3A%22_csrf-frontend%22%3Bi%3A1%3Bs%3A32%3A%22TK3jKxvX_YXArxNlXP7icNpCn1-2rU1u%22%3B%7D'
    'HTTP_UPGRADE_INSECURE_REQUESTS' => '1'
    'HTTP_CACHE_CONTROL' => 'max-age=0'
    'PATH' => '/usr/bin:/bin:/usr/sbin:/sbin'
    'SERVER_SIGNATURE' => ''
    'SERVER_SOFTWARE' => 'Apache'
    'SERVER_NAME' => 'yii'
    'SERVER_ADDR' => '::1'
    'SERVER_PORT' => '80'
    'REMOTE_ADDR' => '::1'
    'DOCUMENT_ROOT' => '/Applications/MAMP/htdocs/web/yii'
    'SERVER_ADMIN' => 'you@example.com'
    'SCRIPT_FILENAME' => '/Applications/MAMP/htdocs/web/yii/backend/web/index.php'
    'REMOTE_PORT' => '62853'
    'GATEWAY_INTERFACE' => 'CGI/1.1'
    'SERVER_PROTOCOL' => 'HTTP/1.1'
    'REQUEST_METHOD' => 'GET'
    'QUERY_STRING' => 'r=imsindex'
    'REQUEST_URI' => '/backend/web/index.php?r=imsindex'
    'SCRIPT_NAME' => '/backend/web/index.php'
    'PHP_SELF' => '/backend/web/index.php'
    'REQUEST_TIME_FLOAT' => 1574405986.23
    'REQUEST_TIME' => 1574405986
    'argv' => [
        0 => 'r=imsindex'
    ]
    'argc' => 1
]
2019-11-22 15:01:10 [::1][53][32fa3ea2de4c91a28c2cb89e99b92d9e][error][yii\base\ViewNotFoundException] yii\base\ViewNotFoundException: The view file does not exist: /Applications/MAMP/htdocs/web/yii/common/widgets/views/index.php in /Applications/MAMP/htdocs/web/yii/vendor/yiisoft/yii2/base/View.php:233
Stack trace:
#0 /Applications/MAMP/htdocs/web/yii/vendor/yiisoft/yii2/base/View.php(156): yii\base\View->renderFile('/Applications/M...', Array, Object(common\widgets\Awsome))
#1 /Applications/MAMP/htdocs/web/yii/vendor/yiisoft/yii2/base/Widget.php(236): yii\base\View->render('index', Array, Object(common\widgets\Awsome))
#2 /Applications/MAMP/htdocs/web/yii/common/widgets/Awsome.php(28): yii\base\Widget->render('index')
#3 /Applications/MAMP/htdocs/web/yii/vendor/yiisoft/yii2/base/Widget.php(140): common\widgets\Awsome->run()
#4 /Applications/MAMP/htdocs/web/yii/backend/views/imsindex/index.php(112): yii\base\Widget::widget(Array)
#5 /Applications/MAMP/htdocs/web/yii/vendor/yiisoft/yii2/base/View.php(348): require('/Applications/M...')
#6 /Applications/MAMP/htdocs/web/yii/vendor/yiisoft/yii2/base/View.php(257): yii\base\View->renderPhpFile('/Applications/M...', Array)
#7 /Applications/MAMP/htdocs/web/yii/vendor/yiisoft/yii2/base/View.php(156): yii\base\View->renderFile('/Applications/M...', Array, Object(backend\controllers\ImsindexController))
#8 /Applications/MAMP/htdocs/web/yii/vendor/yiisoft/yii2/base/Controller.php(384): yii\base\View->render('index', Array, Object(backend\controllers\ImsindexController))
#9 /Applications/MAMP/htdocs/web/yii/backend/controllers/ImsindexController.php(45): yii\base\Controller->render('index', Array)
#10 [internal function]: backend\controllers\ImsindexController->actionIndex()
#11 /Applications/MAMP/htdocs/web/yii/vendor/yiisoft/yii2/base/InlineAction.php(57): call_user_func_array(Array, Array)
#12 /Applications/MAMP/htdocs/web/yii/vendor/yiisoft/yii2/base/Controller.php(157): yii\base\InlineAction->runWithParams(Array)
#13 /Applications/MAMP/htdocs/web/yii/vendor/yiisoft/yii2/base/Module.php(528): yii\base\Controller->runAction('', Array)
#14 /Applications/MAMP/htdocs/web/yii/vendor/yiisoft/yii2/web/Application.php(103): yii\base\Module->runAction('imsindex', Array)
#15 /Applications/MAMP/htdocs/web/yii/vendor/yiisoft/yii2/base/Application.php(386): yii\web\Application->handleRequest(Object(yii\web\Request))
#16 /Applications/MAMP/htdocs/web/yii/backend/web/index.php(18): yii\base\Application->run()
#17 {main}
2019-11-22 15:01:10 [::1][53][32fa3ea2de4c91a28c2cb89e99b92d9e][info][application] $_GET = [
    'r' => 'imsindex'
]

$_POST = []

$_FILES = []

$_COOKIE = [
    '_identity' => '5ebadecdf237960060827e974e204a6ae8d9a02278d34dc18556d0bf80a8cc69a:2:{i:0;s:9:\"_identity\";i:1;s:47:\"[53,\"JwTtz4-xTKvuK8sTqiVIk_chQQA16FaE\",2592000]\";}'
    'advanced-backend' => '32fa3ea2de4c91a28c2cb89e99b92d9e'
    '_csrf-backend' => 'a90bf170ce5bf6399912d6415df615ba3a36579c7a5bd2e1c8a8264368912998a:2:{i:0;s:13:\"_csrf-backend\";i:1;s:32:\"3wB9MHviHZ9lmhAkn5KNZCpU8Y7tJlGp\";}'
    'advanced-frontend' => '3dd54a41f2f5c6894043687831fc6514'
    '_csrf-frontend' => 'bbdec0b927d44974bbabea269de9c136c7fcbc0ee3cae25969395571fccf956da:2:{i:0;s:14:\"_csrf-frontend\";i:1;s:32:\"TK3jKxvX_YXArxNlXP7icNpCn1-2rU1u\";}'
]

$_SESSION = [
    '__flash' => []
    '__id' => 53
]

$_SERVER = [
    'HTTP_HOST' => 'yii'
    'HTTP_USER_AGENT' => 'Mozilla/5.0 (Macintosh; Intel Mac OS X 10.13; rv:70.0) Gecko/20100101 Firefox/70.0'
    'HTTP_ACCEPT' => 'text/html,application/xhtml+xml,application/xml;q=0.9,*/*;q=0.8'
    'HTTP_ACCEPT_LANGUAGE' => 'zh-CN,zh;q=0.8,zh-TW;q=0.7,zh-HK;q=0.5,en-US;q=0.3,en;q=0.2'
    'HTTP_ACCEPT_ENCODING' => 'gzip, deflate'
    'HTTP_CONNECTION' => 'keep-alive'
    'HTTP_COOKIE' => '_identity=5ebadecdf237960060827e974e204a6ae8d9a02278d34dc18556d0bf80a8cc69a%3A2%3A%7Bi%3A0%3Bs%3A9%3A%22_identity%22%3Bi%3A1%3Bs%3A47%3A%22%5B53%2C%22JwTtz4-xTKvuK8sTqiVIk_chQQA16FaE%22%2C2592000%5D%22%3B%7D; advanced-backend=32fa3ea2de4c91a28c2cb89e99b92d9e; _csrf-backend=a90bf170ce5bf6399912d6415df615ba3a36579c7a5bd2e1c8a8264368912998a%3A2%3A%7Bi%3A0%3Bs%3A13%3A%22_csrf-backend%22%3Bi%3A1%3Bs%3A32%3A%223wB9MHviHZ9lmhAkn5KNZCpU8Y7tJlGp%22%3B%7D; advanced-frontend=3dd54a41f2f5c6894043687831fc6514; _csrf-frontend=bbdec0b927d44974bbabea269de9c136c7fcbc0ee3cae25969395571fccf956da%3A2%3A%7Bi%3A0%3Bs%3A14%3A%22_csrf-frontend%22%3Bi%3A1%3Bs%3A32%3A%22TK3jKxvX_YXArxNlXP7icNpCn1-2rU1u%22%3B%7D'
    'HTTP_UPGRADE_INSECURE_REQUESTS' => '1'
    'HTTP_CACHE_CONTROL' => 'max-age=0'
    'PATH' => '/usr/bin:/bin:/usr/sbin:/sbin'
    'SERVER_SIGNATURE' => ''
    'SERVER_SOFTWARE' => 'Apache'
    'SERVER_NAME' => 'yii'
    'SERVER_ADDR' => '::1'
    'SERVER_PORT' => '80'
    'REMOTE_ADDR' => '::1'
    'DOCUMENT_ROOT' => '/Applications/MAMP/htdocs/web/yii'
    'SERVER_ADMIN' => 'you@example.com'
    'SCRIPT_FILENAME' => '/Applications/MAMP/htdocs/web/yii/backend/web/index.php'
    'REMOTE_PORT' => '63203'
    'GATEWAY_INTERFACE' => 'CGI/1.1'
    'SERVER_PROTOCOL' => 'HTTP/1.1'
    'REQUEST_METHOD' => 'GET'
    'QUERY_STRING' => 'r=imsindex'
    'REQUEST_URI' => '/backend/web/index.php?r=imsindex'
    'SCRIPT_NAME' => '/backend/web/index.php'
    'PHP_SELF' => '/backend/web/index.php'
    'REQUEST_TIME_FLOAT' => 1574406070.81
    'REQUEST_TIME' => 1574406070
    'argv' => [
        0 => 'r=imsindex'
    ]
    'argc' => 1
]
2019-11-22 15:01:12 [::1][53][32fa3ea2de4c91a28c2cb89e99b92d9e][error][yii\base\ViewNotFoundException] yii\base\ViewNotFoundException: The view file does not exist: /Applications/MAMP/htdocs/web/yii/common/widgets/views/index.php in /Applications/MAMP/htdocs/web/yii/vendor/yiisoft/yii2/base/View.php:233
Stack trace:
#0 /Applications/MAMP/htdocs/web/yii/vendor/yiisoft/yii2/base/View.php(156): yii\base\View->renderFile('/Applications/M...', Array, Object(common\widgets\Awsome))
#1 /Applications/MAMP/htdocs/web/yii/vendor/yiisoft/yii2/base/Widget.php(236): yii\base\View->render('index', Array, Object(common\widgets\Awsome))
#2 /Applications/MAMP/htdocs/web/yii/common/widgets/Awsome.php(28): yii\base\Widget->render('index')
#3 /Applications/MAMP/htdocs/web/yii/vendor/yiisoft/yii2/base/Widget.php(140): common\widgets\Awsome->run()
#4 /Applications/MAMP/htdocs/web/yii/backend/views/imsindex/index.php(112): yii\base\Widget::widget(Array)
#5 /Applications/MAMP/htdocs/web/yii/vendor/yiisoft/yii2/base/View.php(348): require('/Applications/M...')
#6 /Applications/MAMP/htdocs/web/yii/vendor/yiisoft/yii2/base/View.php(257): yii\base\View->renderPhpFile('/Applications/M...', Array)
#7 /Applications/MAMP/htdocs/web/yii/vendor/yiisoft/yii2/base/View.php(156): yii\base\View->renderFile('/Applications/M...', Array, Object(backend\controllers\ImsindexController))
#8 /Applications/MAMP/htdocs/web/yii/vendor/yiisoft/yii2/base/Controller.php(384): yii\base\View->render('index', Array, Object(backend\controllers\ImsindexController))
#9 /Applications/MAMP/htdocs/web/yii/backend/controllers/ImsindexController.php(45): yii\base\Controller->render('index', Array)
#10 [internal function]: backend\controllers\ImsindexController->actionIndex()
#11 /Applications/MAMP/htdocs/web/yii/vendor/yiisoft/yii2/base/InlineAction.php(57): call_user_func_array(Array, Array)
#12 /Applications/MAMP/htdocs/web/yii/vendor/yiisoft/yii2/base/Controller.php(157): yii\base\InlineAction->runWithParams(Array)
#13 /Applications/MAMP/htdocs/web/yii/vendor/yiisoft/yii2/base/Module.php(528): yii\base\Controller->runAction('', Array)
#14 /Applications/MAMP/htdocs/web/yii/vendor/yiisoft/yii2/web/Application.php(103): yii\base\Module->runAction('imsindex', Array)
#15 /Applications/MAMP/htdocs/web/yii/vendor/yiisoft/yii2/base/Application.php(386): yii\web\Application->handleRequest(Object(yii\web\Request))
#16 /Applications/MAMP/htdocs/web/yii/backend/web/index.php(18): yii\base\Application->run()
#17 {main}
2019-11-22 15:01:12 [::1][53][32fa3ea2de4c91a28c2cb89e99b92d9e][info][application] $_GET = [
    'r' => 'imsindex'
]

$_POST = []

$_FILES = []

$_COOKIE = [
    '_identity' => '5ebadecdf237960060827e974e204a6ae8d9a02278d34dc18556d0bf80a8cc69a:2:{i:0;s:9:\"_identity\";i:1;s:47:\"[53,\"JwTtz4-xTKvuK8sTqiVIk_chQQA16FaE\",2592000]\";}'
    'advanced-backend' => '32fa3ea2de4c91a28c2cb89e99b92d9e'
    '_csrf-backend' => 'a90bf170ce5bf6399912d6415df615ba3a36579c7a5bd2e1c8a8264368912998a:2:{i:0;s:13:\"_csrf-backend\";i:1;s:32:\"3wB9MHviHZ9lmhAkn5KNZCpU8Y7tJlGp\";}'
    'advanced-frontend' => '3dd54a41f2f5c6894043687831fc6514'
    '_csrf-frontend' => 'bbdec0b927d44974bbabea269de9c136c7fcbc0ee3cae25969395571fccf956da:2:{i:0;s:14:\"_csrf-frontend\";i:1;s:32:\"TK3jKxvX_YXArxNlXP7icNpCn1-2rU1u\";}'
]

$_SESSION = [
    '__flash' => []
    '__id' => 53
]

$_SERVER = [
    'HTTP_HOST' => 'yii'
    'HTTP_USER_AGENT' => 'Mozilla/5.0 (Macintosh; Intel Mac OS X 10.13; rv:70.0) Gecko/20100101 Firefox/70.0'
    'HTTP_ACCEPT' => 'text/html,application/xhtml+xml,application/xml;q=0.9,*/*;q=0.8'
    'HTTP_ACCEPT_LANGUAGE' => 'zh-CN,zh;q=0.8,zh-TW;q=0.7,zh-HK;q=0.5,en-US;q=0.3,en;q=0.2'
    'HTTP_ACCEPT_ENCODING' => 'gzip, deflate'
    'HTTP_CONNECTION' => 'keep-alive'
    'HTTP_COOKIE' => '_identity=5ebadecdf237960060827e974e204a6ae8d9a02278d34dc18556d0bf80a8cc69a%3A2%3A%7Bi%3A0%3Bs%3A9%3A%22_identity%22%3Bi%3A1%3Bs%3A47%3A%22%5B53%2C%22JwTtz4-xTKvuK8sTqiVIk_chQQA16FaE%22%2C2592000%5D%22%3B%7D; advanced-backend=32fa3ea2de4c91a28c2cb89e99b92d9e; _csrf-backend=a90bf170ce5bf6399912d6415df615ba3a36579c7a5bd2e1c8a8264368912998a%3A2%3A%7Bi%3A0%3Bs%3A13%3A%22_csrf-backend%22%3Bi%3A1%3Bs%3A32%3A%223wB9MHviHZ9lmhAkn5KNZCpU8Y7tJlGp%22%3B%7D; advanced-frontend=3dd54a41f2f5c6894043687831fc6514; _csrf-frontend=bbdec0b927d44974bbabea269de9c136c7fcbc0ee3cae25969395571fccf956da%3A2%3A%7Bi%3A0%3Bs%3A14%3A%22_csrf-frontend%22%3Bi%3A1%3Bs%3A32%3A%22TK3jKxvX_YXArxNlXP7icNpCn1-2rU1u%22%3B%7D'
    'HTTP_UPGRADE_INSECURE_REQUESTS' => '1'
    'HTTP_CACHE_CONTROL' => 'max-age=0'
    'PATH' => '/usr/bin:/bin:/usr/sbin:/sbin'
    'SERVER_SIGNATURE' => ''
    'SERVER_SOFTWARE' => 'Apache'
    'SERVER_NAME' => 'yii'
    'SERVER_ADDR' => '::1'
    'SERVER_PORT' => '80'
    'REMOTE_ADDR' => '::1'
    'DOCUMENT_ROOT' => '/Applications/MAMP/htdocs/web/yii'
    'SERVER_ADMIN' => 'you@example.com'
    'SCRIPT_FILENAME' => '/Applications/MAMP/htdocs/web/yii/backend/web/index.php'
    'REMOTE_PORT' => '63204'
    'GATEWAY_INTERFACE' => 'CGI/1.1'
    'SERVER_PROTOCOL' => 'HTTP/1.1'
    'REQUEST_METHOD' => 'GET'
    'QUERY_STRING' => 'r=imsindex'
    'REQUEST_URI' => '/backend/web/index.php?r=imsindex'
    'SCRIPT_NAME' => '/backend/web/index.php'
    'PHP_SELF' => '/backend/web/index.php'
    'REQUEST_TIME_FLOAT' => 1574406072.03
    'REQUEST_TIME' => 1574406072
    'argv' => [
        0 => 'r=imsindex'
    ]
    'argc' => 1
]
2019-11-22 15:01:27 [::1][53][32fa3ea2de4c91a28c2cb89e99b92d9e][error][yii\base\ViewNotFoundException] yii\base\ViewNotFoundException: The view file does not exist: /Applications/MAMP/htdocs/web/yii/common/widgets/views/index.php in /Applications/MAMP/htdocs/web/yii/vendor/yiisoft/yii2/base/View.php:233
Stack trace:
#0 /Applications/MAMP/htdocs/web/yii/vendor/yiisoft/yii2/base/View.php(156): yii\base\View->renderFile('/Applications/M...', Array, Object(common\widgets\Awsome))
#1 /Applications/MAMP/htdocs/web/yii/vendor/yiisoft/yii2/base/Widget.php(236): yii\base\View->render('index', Array, Object(common\widgets\Awsome))
#2 /Applications/MAMP/htdocs/web/yii/common/widgets/Awsome.php(28): yii\base\Widget->render('index')
#3 /Applications/MAMP/htdocs/web/yii/vendor/yiisoft/yii2/base/Widget.php(140): common\widgets\Awsome->run()
#4 /Applications/MAMP/htdocs/web/yii/backend/views/imsindex/index.php(112): yii\base\Widget::widget(Array)
#5 /Applications/MAMP/htdocs/web/yii/vendor/yiisoft/yii2/base/View.php(348): require('/Applications/M...')
#6 /Applications/MAMP/htdocs/web/yii/vendor/yiisoft/yii2/base/View.php(257): yii\base\View->renderPhpFile('/Applications/M...', Array)
#7 /Applications/MAMP/htdocs/web/yii/vendor/yiisoft/yii2/base/View.php(156): yii\base\View->renderFile('/Applications/M...', Array, Object(backend\controllers\ImsindexController))
#8 /Applications/MAMP/htdocs/web/yii/vendor/yiisoft/yii2/base/Controller.php(384): yii\base\View->render('index', Array, Object(backend\controllers\ImsindexController))
#9 /Applications/MAMP/htdocs/web/yii/backend/controllers/ImsindexController.php(45): yii\base\Controller->render('index', Array)
#10 [internal function]: backend\controllers\ImsindexController->actionIndex()
#11 /Applications/MAMP/htdocs/web/yii/vendor/yiisoft/yii2/base/InlineAction.php(57): call_user_func_array(Array, Array)
#12 /Applications/MAMP/htdocs/web/yii/vendor/yiisoft/yii2/base/Controller.php(157): yii\base\InlineAction->runWithParams(Array)
#13 /Applications/MAMP/htdocs/web/yii/vendor/yiisoft/yii2/base/Module.php(528): yii\base\Controller->runAction('', Array)
#14 /Applications/MAMP/htdocs/web/yii/vendor/yiisoft/yii2/web/Application.php(103): yii\base\Module->runAction('imsindex', Array)
#15 /Applications/MAMP/htdocs/web/yii/vendor/yiisoft/yii2/base/Application.php(386): yii\web\Application->handleRequest(Object(yii\web\Request))
#16 /Applications/MAMP/htdocs/web/yii/backend/web/index.php(18): yii\base\Application->run()
#17 {main}
2019-11-22 15:01:27 [::1][53][32fa3ea2de4c91a28c2cb89e99b92d9e][info][application] $_GET = [
    'r' => 'imsindex'
]

$_POST = []

$_FILES = []

$_COOKIE = [
    '_identity' => '5ebadecdf237960060827e974e204a6ae8d9a02278d34dc18556d0bf80a8cc69a:2:{i:0;s:9:\"_identity\";i:1;s:47:\"[53,\"JwTtz4-xTKvuK8sTqiVIk_chQQA16FaE\",2592000]\";}'
    'advanced-backend' => '32fa3ea2de4c91a28c2cb89e99b92d9e'
    '_csrf-backend' => 'a90bf170ce5bf6399912d6415df615ba3a36579c7a5bd2e1c8a8264368912998a:2:{i:0;s:13:\"_csrf-backend\";i:1;s:32:\"3wB9MHviHZ9lmhAkn5KNZCpU8Y7tJlGp\";}'
    'advanced-frontend' => '3dd54a41f2f5c6894043687831fc6514'
    '_csrf-frontend' => 'bbdec0b927d44974bbabea269de9c136c7fcbc0ee3cae25969395571fccf956da:2:{i:0;s:14:\"_csrf-frontend\";i:1;s:32:\"TK3jKxvX_YXArxNlXP7icNpCn1-2rU1u\";}'
]

$_SESSION = [
    '__flash' => []
    '__id' => 53
]

$_SERVER = [
    'HTTP_HOST' => 'yii'
    'HTTP_USER_AGENT' => 'Mozilla/5.0 (Macintosh; Intel Mac OS X 10.13; rv:70.0) Gecko/20100101 Firefox/70.0'
    'HTTP_ACCEPT' => 'text/html,application/xhtml+xml,application/xml;q=0.9,*/*;q=0.8'
    'HTTP_ACCEPT_LANGUAGE' => 'zh-CN,zh;q=0.8,zh-TW;q=0.7,zh-HK;q=0.5,en-US;q=0.3,en;q=0.2'
    'HTTP_ACCEPT_ENCODING' => 'gzip, deflate'
    'HTTP_CONNECTION' => 'keep-alive'
    'HTTP_COOKIE' => '_identity=5ebadecdf237960060827e974e204a6ae8d9a02278d34dc18556d0bf80a8cc69a%3A2%3A%7Bi%3A0%3Bs%3A9%3A%22_identity%22%3Bi%3A1%3Bs%3A47%3A%22%5B53%2C%22JwTtz4-xTKvuK8sTqiVIk_chQQA16FaE%22%2C2592000%5D%22%3B%7D; advanced-backend=32fa3ea2de4c91a28c2cb89e99b92d9e; _csrf-backend=a90bf170ce5bf6399912d6415df615ba3a36579c7a5bd2e1c8a8264368912998a%3A2%3A%7Bi%3A0%3Bs%3A13%3A%22_csrf-backend%22%3Bi%3A1%3Bs%3A32%3A%223wB9MHviHZ9lmhAkn5KNZCpU8Y7tJlGp%22%3B%7D; advanced-frontend=3dd54a41f2f5c6894043687831fc6514; _csrf-frontend=bbdec0b927d44974bbabea269de9c136c7fcbc0ee3cae25969395571fccf956da%3A2%3A%7Bi%3A0%3Bs%3A14%3A%22_csrf-frontend%22%3Bi%3A1%3Bs%3A32%3A%22TK3jKxvX_YXArxNlXP7icNpCn1-2rU1u%22%3B%7D'
    'HTTP_UPGRADE_INSECURE_REQUESTS' => '1'
    'HTTP_CACHE_CONTROL' => 'max-age=0'
    'PATH' => '/usr/bin:/bin:/usr/sbin:/sbin'
    'SERVER_SIGNATURE' => ''
    'SERVER_SOFTWARE' => 'Apache'
    'SERVER_NAME' => 'yii'
    'SERVER_ADDR' => '::1'
    'SERVER_PORT' => '80'
    'REMOTE_ADDR' => '::1'
    'DOCUMENT_ROOT' => '/Applications/MAMP/htdocs/web/yii'
    'SERVER_ADMIN' => 'you@example.com'
    'SCRIPT_FILENAME' => '/Applications/MAMP/htdocs/web/yii/backend/web/index.php'
    'REMOTE_PORT' => '63274'
    'GATEWAY_INTERFACE' => 'CGI/1.1'
    'SERVER_PROTOCOL' => 'HTTP/1.1'
    'REQUEST_METHOD' => 'GET'
    'QUERY_STRING' => 'r=imsindex'
    'REQUEST_URI' => '/backend/web/index.php?r=imsindex'
    'SCRIPT_NAME' => '/backend/web/index.php'
    'PHP_SELF' => '/backend/web/index.php'
    'REQUEST_TIME_FLOAT' => 1574406087
    'REQUEST_TIME' => 1574406086
    'argv' => [
        0 => 'r=imsindex'
    ]
    'argc' => 1
]
2019-11-22 15:01:28 [::1][53][32fa3ea2de4c91a28c2cb89e99b92d9e][error][yii\base\ViewNotFoundException] yii\base\ViewNotFoundException: The view file does not exist: /Applications/MAMP/htdocs/web/yii/common/widgets/views/index.php in /Applications/MAMP/htdocs/web/yii/vendor/yiisoft/yii2/base/View.php:233
Stack trace:
#0 /Applications/MAMP/htdocs/web/yii/vendor/yiisoft/yii2/base/View.php(156): yii\base\View->renderFile('/Applications/M...', Array, Object(common\widgets\Awsome))
#1 /Applications/MAMP/htdocs/web/yii/vendor/yiisoft/yii2/base/Widget.php(236): yii\base\View->render('index', Array, Object(common\widgets\Awsome))
#2 /Applications/MAMP/htdocs/web/yii/common/widgets/Awsome.php(28): yii\base\Widget->render('index')
#3 /Applications/MAMP/htdocs/web/yii/vendor/yiisoft/yii2/base/Widget.php(140): common\widgets\Awsome->run()
#4 /Applications/MAMP/htdocs/web/yii/backend/views/imsindex/index.php(112): yii\base\Widget::widget(Array)
#5 /Applications/MAMP/htdocs/web/yii/vendor/yiisoft/yii2/base/View.php(348): require('/Applications/M...')
#6 /Applications/MAMP/htdocs/web/yii/vendor/yiisoft/yii2/base/View.php(257): yii\base\View->renderPhpFile('/Applications/M...', Array)
#7 /Applications/MAMP/htdocs/web/yii/vendor/yiisoft/yii2/base/View.php(156): yii\base\View->renderFile('/Applications/M...', Array, Object(backend\controllers\ImsindexController))
#8 /Applications/MAMP/htdocs/web/yii/vendor/yiisoft/yii2/base/Controller.php(384): yii\base\View->render('index', Array, Object(backend\controllers\ImsindexController))
#9 /Applications/MAMP/htdocs/web/yii/backend/controllers/ImsindexController.php(45): yii\base\Controller->render('index', Array)
#10 [internal function]: backend\controllers\ImsindexController->actionIndex()
#11 /Applications/MAMP/htdocs/web/yii/vendor/yiisoft/yii2/base/InlineAction.php(57): call_user_func_array(Array, Array)
#12 /Applications/MAMP/htdocs/web/yii/vendor/yiisoft/yii2/base/Controller.php(157): yii\base\InlineAction->runWithParams(Array)
#13 /Applications/MAMP/htdocs/web/yii/vendor/yiisoft/yii2/base/Module.php(528): yii\base\Controller->runAction('', Array)
#14 /Applications/MAMP/htdocs/web/yii/vendor/yiisoft/yii2/web/Application.php(103): yii\base\Module->runAction('imsindex', Array)
#15 /Applications/MAMP/htdocs/web/yii/vendor/yiisoft/yii2/base/Application.php(386): yii\web\Application->handleRequest(Object(yii\web\Request))
#16 /Applications/MAMP/htdocs/web/yii/backend/web/index.php(18): yii\base\Application->run()
#17 {main}
2019-11-22 15:01:28 [::1][53][32fa3ea2de4c91a28c2cb89e99b92d9e][info][application] $_GET = [
    'r' => 'imsindex'
]

$_POST = []

$_FILES = []

$_COOKIE = [
    '_identity' => '5ebadecdf237960060827e974e204a6ae8d9a02278d34dc18556d0bf80a8cc69a:2:{i:0;s:9:\"_identity\";i:1;s:47:\"[53,\"JwTtz4-xTKvuK8sTqiVIk_chQQA16FaE\",2592000]\";}'
    'advanced-backend' => '32fa3ea2de4c91a28c2cb89e99b92d9e'
    '_csrf-backend' => 'a90bf170ce5bf6399912d6415df615ba3a36579c7a5bd2e1c8a8264368912998a:2:{i:0;s:13:\"_csrf-backend\";i:1;s:32:\"3wB9MHviHZ9lmhAkn5KNZCpU8Y7tJlGp\";}'
    'advanced-frontend' => '3dd54a41f2f5c6894043687831fc6514'
    '_csrf-frontend' => 'bbdec0b927d44974bbabea269de9c136c7fcbc0ee3cae25969395571fccf956da:2:{i:0;s:14:\"_csrf-frontend\";i:1;s:32:\"TK3jKxvX_YXArxNlXP7icNpCn1-2rU1u\";}'
]

$_SESSION = [
    '__flash' => []
    '__id' => 53
]

$_SERVER = [
    'HTTP_HOST' => 'yii'
    'HTTP_USER_AGENT' => 'Mozilla/5.0 (Macintosh; Intel Mac OS X 10.13; rv:70.0) Gecko/20100101 Firefox/70.0'
    'HTTP_ACCEPT' => 'text/html,application/xhtml+xml,application/xml;q=0.9,*/*;q=0.8'
    'HTTP_ACCEPT_LANGUAGE' => 'zh-CN,zh;q=0.8,zh-TW;q=0.7,zh-HK;q=0.5,en-US;q=0.3,en;q=0.2'
    'HTTP_ACCEPT_ENCODING' => 'gzip, deflate'
    'HTTP_CONNECTION' => 'keep-alive'
    'HTTP_COOKIE' => '_identity=5ebadecdf237960060827e974e204a6ae8d9a02278d34dc18556d0bf80a8cc69a%3A2%3A%7Bi%3A0%3Bs%3A9%3A%22_identity%22%3Bi%3A1%3Bs%3A47%3A%22%5B53%2C%22JwTtz4-xTKvuK8sTqiVIk_chQQA16FaE%22%2C2592000%5D%22%3B%7D; advanced-backend=32fa3ea2de4c91a28c2cb89e99b92d9e; _csrf-backend=a90bf170ce5bf6399912d6415df615ba3a36579c7a5bd2e1c8a8264368912998a%3A2%3A%7Bi%3A0%3Bs%3A13%3A%22_csrf-backend%22%3Bi%3A1%3Bs%3A32%3A%223wB9MHviHZ9lmhAkn5KNZCpU8Y7tJlGp%22%3B%7D; advanced-frontend=3dd54a41f2f5c6894043687831fc6514; _csrf-frontend=bbdec0b927d44974bbabea269de9c136c7fcbc0ee3cae25969395571fccf956da%3A2%3A%7Bi%3A0%3Bs%3A14%3A%22_csrf-frontend%22%3Bi%3A1%3Bs%3A32%3A%22TK3jKxvX_YXArxNlXP7icNpCn1-2rU1u%22%3B%7D'
    'HTTP_UPGRADE_INSECURE_REQUESTS' => '1'
    'HTTP_CACHE_CONTROL' => 'max-age=0'
    'PATH' => '/usr/bin:/bin:/usr/sbin:/sbin'
    'SERVER_SIGNATURE' => ''
    'SERVER_SOFTWARE' => 'Apache'
    'SERVER_NAME' => 'yii'
    'SERVER_ADDR' => '::1'
    'SERVER_PORT' => '80'
    'REMOTE_ADDR' => '::1'
    'DOCUMENT_ROOT' => '/Applications/MAMP/htdocs/web/yii'
    'SERVER_ADMIN' => 'you@example.com'
    'SCRIPT_FILENAME' => '/Applications/MAMP/htdocs/web/yii/backend/web/index.php'
    'REMOTE_PORT' => '63275'
    'GATEWAY_INTERFACE' => 'CGI/1.1'
    'SERVER_PROTOCOL' => 'HTTP/1.1'
    'REQUEST_METHOD' => 'GET'
    'QUERY_STRING' => 'r=imsindex'
    'REQUEST_URI' => '/backend/web/index.php?r=imsindex'
    'SCRIPT_NAME' => '/backend/web/index.php'
    'PHP_SELF' => '/backend/web/index.php'
    'REQUEST_TIME_FLOAT' => 1574406088.47
    'REQUEST_TIME' => 1574406088
    'argv' => [
        0 => 'r=imsindex'
    ]
    'argc' => 1
]
