2019-12-03 16:02:54 [::1][53][32fa3ea2de4c91a28c2cb89e99b92d9e][error][Error] Error: Class 'yii\redactor\widgets\Redactor' not found in /Applications/MAMP/htdocs/web/yii/backend/views/imsnews/_form.php:46
Stack trace:
#0 /Applications/MAMP/htdocs/web/yii/vendor/yiisoft/yii2/base/View.php(348): require()
#1 /Applications/MAMP/htdocs/web/yii/vendor/yiisoft/yii2/base/View.php(257): yii\base\View->renderPhpFile('/Applications/M...', Array)
#2 /Applications/MAMP/htdocs/web/yii/vendor/yiisoft/yii2/base/View.php(156): yii\base\View->renderFile('/Applications/M...', Array, NULL)
#3 /Applications/MAMP/htdocs/web/yii/backend/views/imsnews/add.php(17): yii\base\View->render('_form', Array)
#4 /Applications/MAMP/htdocs/web/yii/vendor/yiisoft/yii2/base/View.php(348): require('/Applications/M...')
#5 /Applications/MAMP/htdocs/web/yii/vendor/yiisoft/yii2/base/View.php(257): yii\base\View->renderPhpFile('/Applications/M...', Array)
#6 /Applications/MAMP/htdocs/web/yii/vendor/yiisoft/yii2/base/View.php(156): yii\base\View->renderFile('/Applications/M...', Array, Object(backend\controllers\ImsnewsController))
#7 /Applications/MAMP/htdocs/web/yii/vendor/yiisoft/yii2/base/Controller.php(384): yii\base\View->render('add', Array, Object(backend\controllers\ImsnewsController))
#8 /Applications/MAMP/htdocs/web/yii/backend/controllers/ImsnewsController.php(78): yii\base\Controller->render('add', Array)
#9 [internal function]: backend\controllers\ImsnewsController->actionAdd()
#10 /Applications/MAMP/htdocs/web/yii/vendor/yiisoft/yii2/base/InlineAction.php(57): call_user_func_array(Array, Array)
#11 /Applications/MAMP/htdocs/web/yii/vendor/yiisoft/yii2/base/Controller.php(157): yii\base\InlineAction->runWithParams(Array)
#12 /Applications/MAMP/htdocs/web/yii/vendor/yiisoft/yii2/base/Module.php(528): yii\base\Controller->runAction('add', Array)
#13 /Applications/MAMP/htdocs/web/yii/vendor/yiisoft/yii2/web/Application.php(103): yii\base\Module->runAction('imsnews/add', Array)
#14 /Applications/MAMP/htdocs/web/yii/vendor/yiisoft/yii2/base/Application.php(386): yii\web\Application->handleRequest(Object(yii\web\Request))
#15 /Applications/MAMP/htdocs/web/yii/backend/web/index.php(18): yii\base\Application->run()
#16 {main}
2019-12-03 16:02:54 [::1][53][32fa3ea2de4c91a28c2cb89e99b92d9e][info][application] $_GET = [
    'r' => 'imsnews/add'
]

$_POST = []

$_FILES = []

$_COOKIE = [
    '_identity' => '5ebadecdf237960060827e974e204a6ae8d9a02278d34dc18556d0bf80a8cc69a:2:{i:0;s:9:\"_identity\";i:1;s:47:\"[53,\"JwTtz4-xTKvuK8sTqiVIk_chQQA16FaE\",2592000]\";}'
    'advanced-backend' => '32fa3ea2de4c91a28c2cb89e99b92d9e'
    '_csrf-backend' => 'a90bf170ce5bf6399912d6415df615ba3a36579c7a5bd2e1c8a8264368912998a:2:{i:0;s:13:\"_csrf-backend\";i:1;s:32:\"3wB9MHviHZ9lmhAkn5KNZCpU8Y7tJlGp\";}'
    'advanced-frontend' => '3dd54a41f2f5c6894043687831fc6514'
    '_csrf-frontend' => 'bbdec0b927d44974bbabea269de9c136c7fcbc0ee3cae25969395571fccf956da:2:{i:0;s:14:\"_csrf-frontend\";i:1;s:32:\"TK3jKxvX_YXArxNlXP7icNpCn1-2rU1u\";}'
]

$_SESSION = [
    '__flash' => []
    '__id' => 53
]

$_SERVER = [
    'HTTP_HOST' => 'yii'
    'HTTP_USER_AGENT' => 'Mozilla/5.0 (Macintosh; Intel Mac OS X 10.13; rv:70.0) Gecko/20100101 Firefox/70.0'
    'HTTP_ACCEPT' => 'text/html,application/xhtml+xml,application/xml;q=0.9,*/*;q=0.8'
    'HTTP_ACCEPT_LANGUAGE' => 'zh-CN,zh;q=0.8,zh-TW;q=0.7,zh-HK;q=0.5,en-US;q=0.3,en;q=0.2'
    'HTTP_ACCEPT_ENCODING' => 'gzip, deflate'
    'HTTP_CONNECTION' => 'keep-alive'
    'HTTP_COOKIE' => '_identity=5ebadecdf237960060827e974e204a6ae8d9a02278d34dc18556d0bf80a8cc69a%3A2%3A%7Bi%3A0%3Bs%3A9%3A%22_identity%22%3Bi%3A1%3Bs%3A47%3A%22%5B53%2C%22JwTtz4-xTKvuK8sTqiVIk_chQQA16FaE%22%2C2592000%5D%22%3B%7D; advanced-backend=32fa3ea2de4c91a28c2cb89e99b92d9e; _csrf-backend=a90bf170ce5bf6399912d6415df615ba3a36579c7a5bd2e1c8a8264368912998a%3A2%3A%7Bi%3A0%3Bs%3A13%3A%22_csrf-backend%22%3Bi%3A1%3Bs%3A32%3A%223wB9MHviHZ9lmhAkn5KNZCpU8Y7tJlGp%22%3B%7D; advanced-frontend=3dd54a41f2f5c6894043687831fc6514; _csrf-frontend=bbdec0b927d44974bbabea269de9c136c7fcbc0ee3cae25969395571fccf956da%3A2%3A%7Bi%3A0%3Bs%3A14%3A%22_csrf-frontend%22%3Bi%3A1%3Bs%3A32%3A%22TK3jKxvX_YXArxNlXP7icNpCn1-2rU1u%22%3B%7D'
    'HTTP_UPGRADE_INSECURE_REQUESTS' => '1'
    'HTTP_CACHE_CONTROL' => 'max-age=0'
    'PATH' => '/usr/bin:/bin:/usr/sbin:/sbin'
    'SERVER_SIGNATURE' => ''
    'SERVER_SOFTWARE' => 'Apache'
    'SERVER_NAME' => 'yii'
    'SERVER_ADDR' => '::1'
    'SERVER_PORT' => '80'
    'REMOTE_ADDR' => '::1'
    'DOCUMENT_ROOT' => '/Applications/MAMP/htdocs/web/yii'
    'SERVER_ADMIN' => 'you@example.com'
    'SCRIPT_FILENAME' => '/Applications/MAMP/htdocs/web/yii/backend/web/index.php'
    'REMOTE_PORT' => '53204'
    'GATEWAY_INTERFACE' => 'CGI/1.1'
    'SERVER_PROTOCOL' => 'HTTP/1.1'
    'REQUEST_METHOD' => 'GET'
    'QUERY_STRING' => 'r=imsnews/add'
    'REQUEST_URI' => '/backend/web/index.php?r=imsnews/add'
    'SCRIPT_NAME' => '/backend/web/index.php'
    'PHP_SELF' => '/backend/web/index.php'
    'REQUEST_TIME_FLOAT' => 1575360174.03
    'REQUEST_TIME' => 1575360174
    'argv' => [
        0 => 'r=imsnews/add'
    ]
    'argc' => 1
]
2019-12-03 16:06:43 [::1][53][32fa3ea2de4c91a28c2cb89e99b92d9e][error][Error] Error: Class 'yii\redactor\widgets\Redactor' not found in /Applications/MAMP/htdocs/web/yii/backend/views/imsnews/_form.php:46
Stack trace:
#0 /Applications/MAMP/htdocs/web/yii/vendor/yiisoft/yii2/base/View.php(348): require()
#1 /Applications/MAMP/htdocs/web/yii/vendor/yiisoft/yii2/base/View.php(257): yii\base\View->renderPhpFile('/Applications/M...', Array)
#2 /Applications/MAMP/htdocs/web/yii/vendor/yiisoft/yii2/base/View.php(156): yii\base\View->renderFile('/Applications/M...', Array, NULL)
#3 /Applications/MAMP/htdocs/web/yii/backend/views/imsnews/add.php(17): yii\base\View->render('_form', Array)
#4 /Applications/MAMP/htdocs/web/yii/vendor/yiisoft/yii2/base/View.php(348): require('/Applications/M...')
#5 /Applications/MAMP/htdocs/web/yii/vendor/yiisoft/yii2/base/View.php(257): yii\base\View->renderPhpFile('/Applications/M...', Array)
#6 /Applications/MAMP/htdocs/web/yii/vendor/yiisoft/yii2/base/View.php(156): yii\base\View->renderFile('/Applications/M...', Array, Object(backend\controllers\ImsnewsController))
#7 /Applications/MAMP/htdocs/web/yii/vendor/yiisoft/yii2/base/Controller.php(384): yii\base\View->render('add', Array, Object(backend\controllers\ImsnewsController))
#8 /Applications/MAMP/htdocs/web/yii/backend/controllers/ImsnewsController.php(78): yii\base\Controller->render('add', Array)
#9 [internal function]: backend\controllers\ImsnewsController->actionAdd()
#10 /Applications/MAMP/htdocs/web/yii/vendor/yiisoft/yii2/base/InlineAction.php(57): call_user_func_array(Array, Array)
#11 /Applications/MAMP/htdocs/web/yii/vendor/yiisoft/yii2/base/Controller.php(157): yii\base\InlineAction->runWithParams(Array)
#12 /Applications/MAMP/htdocs/web/yii/vendor/yiisoft/yii2/base/Module.php(528): yii\base\Controller->runAction('add', Array)
#13 /Applications/MAMP/htdocs/web/yii/vendor/yiisoft/yii2/web/Application.php(103): yii\base\Module->runAction('imsnews/add', Array)
#14 /Applications/MAMP/htdocs/web/yii/vendor/yiisoft/yii2/base/Application.php(386): yii\web\Application->handleRequest(Object(yii\web\Request))
#15 /Applications/MAMP/htdocs/web/yii/backend/web/index.php(18): yii\base\Application->run()
#16 {main}
2019-12-03 16:06:43 [::1][53][32fa3ea2de4c91a28c2cb89e99b92d9e][info][application] $_GET = [
    'r' => 'imsnews/add'
]

$_POST = []

$_FILES = []

$_COOKIE = [
    '_identity' => '5ebadecdf237960060827e974e204a6ae8d9a02278d34dc18556d0bf80a8cc69a:2:{i:0;s:9:\"_identity\";i:1;s:47:\"[53,\"JwTtz4-xTKvuK8sTqiVIk_chQQA16FaE\",2592000]\";}'
    'advanced-backend' => '32fa3ea2de4c91a28c2cb89e99b92d9e'
    '_csrf-backend' => 'a90bf170ce5bf6399912d6415df615ba3a36579c7a5bd2e1c8a8264368912998a:2:{i:0;s:13:\"_csrf-backend\";i:1;s:32:\"3wB9MHviHZ9lmhAkn5KNZCpU8Y7tJlGp\";}'
    'advanced-frontend' => '3dd54a41f2f5c6894043687831fc6514'
    '_csrf-frontend' => 'bbdec0b927d44974bbabea269de9c136c7fcbc0ee3cae25969395571fccf956da:2:{i:0;s:14:\"_csrf-frontend\";i:1;s:32:\"TK3jKxvX_YXArxNlXP7icNpCn1-2rU1u\";}'
]

$_SESSION = [
    '__flash' => []
    '__id' => 53
]

$_SERVER = [
    'HTTP_HOST' => 'yii'
    'HTTP_USER_AGENT' => 'Mozilla/5.0 (Macintosh; Intel Mac OS X 10.13; rv:70.0) Gecko/20100101 Firefox/70.0'
    'HTTP_ACCEPT' => 'text/html,application/xhtml+xml,application/xml;q=0.9,*/*;q=0.8'
    'HTTP_ACCEPT_LANGUAGE' => 'zh-CN,zh;q=0.8,zh-TW;q=0.7,zh-HK;q=0.5,en-US;q=0.3,en;q=0.2'
    'HTTP_ACCEPT_ENCODING' => 'gzip, deflate'
    'HTTP_CONNECTION' => 'keep-alive'
    'HTTP_COOKIE' => '_identity=5ebadecdf237960060827e974e204a6ae8d9a02278d34dc18556d0bf80a8cc69a%3A2%3A%7Bi%3A0%3Bs%3A9%3A%22_identity%22%3Bi%3A1%3Bs%3A47%3A%22%5B53%2C%22JwTtz4-xTKvuK8sTqiVIk_chQQA16FaE%22%2C2592000%5D%22%3B%7D; advanced-backend=32fa3ea2de4c91a28c2cb89e99b92d9e; _csrf-backend=a90bf170ce5bf6399912d6415df615ba3a36579c7a5bd2e1c8a8264368912998a%3A2%3A%7Bi%3A0%3Bs%3A13%3A%22_csrf-backend%22%3Bi%3A1%3Bs%3A32%3A%223wB9MHviHZ9lmhAkn5KNZCpU8Y7tJlGp%22%3B%7D; advanced-frontend=3dd54a41f2f5c6894043687831fc6514; _csrf-frontend=bbdec0b927d44974bbabea269de9c136c7fcbc0ee3cae25969395571fccf956da%3A2%3A%7Bi%3A0%3Bs%3A14%3A%22_csrf-frontend%22%3Bi%3A1%3Bs%3A32%3A%22TK3jKxvX_YXArxNlXP7icNpCn1-2rU1u%22%3B%7D'
    'HTTP_UPGRADE_INSECURE_REQUESTS' => '1'
    'HTTP_CACHE_CONTROL' => 'max-age=0'
    'PATH' => '/usr/bin:/bin:/usr/sbin:/sbin'
    'SERVER_SIGNATURE' => ''
    'SERVER_SOFTWARE' => 'Apache'
    'SERVER_NAME' => 'yii'
    'SERVER_ADDR' => '::1'
    'SERVER_PORT' => '80'
    'REMOTE_ADDR' => '::1'
    'DOCUMENT_ROOT' => '/Applications/MAMP/htdocs/web/yii'
    'SERVER_ADMIN' => 'you@example.com'
    'SCRIPT_FILENAME' => '/Applications/MAMP/htdocs/web/yii/backend/web/index.php'
    'REMOTE_PORT' => '54193'
    'GATEWAY_INTERFACE' => 'CGI/1.1'
    'SERVER_PROTOCOL' => 'HTTP/1.1'
    'REQUEST_METHOD' => 'GET'
    'QUERY_STRING' => 'r=imsnews/add'
    'REQUEST_URI' => '/backend/web/index.php?r=imsnews/add'
    'SCRIPT_NAME' => '/backend/web/index.php'
    'PHP_SELF' => '/backend/web/index.php'
    'REQUEST_TIME_FLOAT' => 1575360403.46
    'REQUEST_TIME' => 1575360403
    'argv' => [
        0 => 'r=imsnews/add'
    ]
    'argc' => 1
]
2019-12-03 16:15:26 [::1][53][32fa3ea2de4c91a28c2cb89e99b92d9e][error][Error] Error: Class 'yii\redactor\widgets\Redactor' not found in /Applications/MAMP/htdocs/web/yii/backend/views/imsnews/_form.php:46
Stack trace:
#0 /Applications/MAMP/htdocs/web/yii/vendor/yiisoft/yii2/base/View.php(348): require()
#1 /Applications/MAMP/htdocs/web/yii/vendor/yiisoft/yii2/base/View.php(257): yii\base\View->renderPhpFile('/Applications/M...', Array)
#2 /Applications/MAMP/htdocs/web/yii/vendor/yiisoft/yii2/base/View.php(156): yii\base\View->renderFile('/Applications/M...', Array, NULL)
#3 /Applications/MAMP/htdocs/web/yii/backend/views/imsnews/add.php(17): yii\base\View->render('_form', Array)
#4 /Applications/MAMP/htdocs/web/yii/vendor/yiisoft/yii2/base/View.php(348): require('/Applications/M...')
#5 /Applications/MAMP/htdocs/web/yii/vendor/yiisoft/yii2/base/View.php(257): yii\base\View->renderPhpFile('/Applications/M...', Array)
#6 /Applications/MAMP/htdocs/web/yii/vendor/yiisoft/yii2/base/View.php(156): yii\base\View->renderFile('/Applications/M...', Array, Object(backend\controllers\ImsnewsController))
#7 /Applications/MAMP/htdocs/web/yii/vendor/yiisoft/yii2/base/Controller.php(384): yii\base\View->render('add', Array, Object(backend\controllers\ImsnewsController))
#8 /Applications/MAMP/htdocs/web/yii/backend/controllers/ImsnewsController.php(78): yii\base\Controller->render('add', Array)
#9 [internal function]: backend\controllers\ImsnewsController->actionAdd()
#10 /Applications/MAMP/htdocs/web/yii/vendor/yiisoft/yii2/base/InlineAction.php(57): call_user_func_array(Array, Array)
#11 /Applications/MAMP/htdocs/web/yii/vendor/yiisoft/yii2/base/Controller.php(157): yii\base\InlineAction->runWithParams(Array)
#12 /Applications/MAMP/htdocs/web/yii/vendor/yiisoft/yii2/base/Module.php(528): yii\base\Controller->runAction('add', Array)
#13 /Applications/MAMP/htdocs/web/yii/vendor/yiisoft/yii2/web/Application.php(103): yii\base\Module->runAction('imsnews/add', Array)
#14 /Applications/MAMP/htdocs/web/yii/vendor/yiisoft/yii2/base/Application.php(386): yii\web\Application->handleRequest(Object(yii\web\Request))
#15 /Applications/MAMP/htdocs/web/yii/backend/web/index.php(18): yii\base\Application->run()
#16 {main}
2019-12-03 16:15:25 [::1][53][32fa3ea2de4c91a28c2cb89e99b92d9e][info][application] $_GET = [
    'r' => 'imsnews/add'
]

$_POST = []

$_FILES = []

$_COOKIE = [
    '_identity' => '5ebadecdf237960060827e974e204a6ae8d9a02278d34dc18556d0bf80a8cc69a:2:{i:0;s:9:\"_identity\";i:1;s:47:\"[53,\"JwTtz4-xTKvuK8sTqiVIk_chQQA16FaE\",2592000]\";}'
    'advanced-backend' => '32fa3ea2de4c91a28c2cb89e99b92d9e'
    '_csrf-backend' => 'a90bf170ce5bf6399912d6415df615ba3a36579c7a5bd2e1c8a8264368912998a:2:{i:0;s:13:\"_csrf-backend\";i:1;s:32:\"3wB9MHviHZ9lmhAkn5KNZCpU8Y7tJlGp\";}'
    'advanced-frontend' => '3dd54a41f2f5c6894043687831fc6514'
    '_csrf-frontend' => 'bbdec0b927d44974bbabea269de9c136c7fcbc0ee3cae25969395571fccf956da:2:{i:0;s:14:\"_csrf-frontend\";i:1;s:32:\"TK3jKxvX_YXArxNlXP7icNpCn1-2rU1u\";}'
]

$_SESSION = [
    '__flash' => []
    '__id' => 53
]

$_SERVER = [
    'HTTP_HOST' => 'yii'
    'HTTP_USER_AGENT' => 'Mozilla/5.0 (Macintosh; Intel Mac OS X 10.13; rv:70.0) Gecko/20100101 Firefox/70.0'
    'HTTP_ACCEPT' => 'text/html,application/xhtml+xml,application/xml;q=0.9,*/*;q=0.8'
    'HTTP_ACCEPT_LANGUAGE' => 'zh-CN,zh;q=0.8,zh-TW;q=0.7,zh-HK;q=0.5,en-US;q=0.3,en;q=0.2'
    'HTTP_ACCEPT_ENCODING' => 'gzip, deflate'
    'HTTP_CONNECTION' => 'keep-alive'
    'HTTP_COOKIE' => '_identity=5ebadecdf237960060827e974e204a6ae8d9a02278d34dc18556d0bf80a8cc69a%3A2%3A%7Bi%3A0%3Bs%3A9%3A%22_identity%22%3Bi%3A1%3Bs%3A47%3A%22%5B53%2C%22JwTtz4-xTKvuK8sTqiVIk_chQQA16FaE%22%2C2592000%5D%22%3B%7D; advanced-backend=32fa3ea2de4c91a28c2cb89e99b92d9e; _csrf-backend=a90bf170ce5bf6399912d6415df615ba3a36579c7a5bd2e1c8a8264368912998a%3A2%3A%7Bi%3A0%3Bs%3A13%3A%22_csrf-backend%22%3Bi%3A1%3Bs%3A32%3A%223wB9MHviHZ9lmhAkn5KNZCpU8Y7tJlGp%22%3B%7D; advanced-frontend=3dd54a41f2f5c6894043687831fc6514; _csrf-frontend=bbdec0b927d44974bbabea269de9c136c7fcbc0ee3cae25969395571fccf956da%3A2%3A%7Bi%3A0%3Bs%3A14%3A%22_csrf-frontend%22%3Bi%3A1%3Bs%3A32%3A%22TK3jKxvX_YXArxNlXP7icNpCn1-2rU1u%22%3B%7D'
    'HTTP_UPGRADE_INSECURE_REQUESTS' => '1'
    'HTTP_CACHE_CONTROL' => 'max-age=0'
    'PATH' => '/usr/bin:/bin:/usr/sbin:/sbin'
    'SERVER_SIGNATURE' => ''
    'SERVER_SOFTWARE' => 'Apache'
    'SERVER_NAME' => 'yii'
    'SERVER_ADDR' => '::1'
    'SERVER_PORT' => '80'
    'REMOTE_ADDR' => '::1'
    'DOCUMENT_ROOT' => '/Applications/MAMP/htdocs/web/yii'
    'SERVER_ADMIN' => 'you@example.com'
    'SCRIPT_FILENAME' => '/Applications/MAMP/htdocs/web/yii/backend/web/index.php'
    'REMOTE_PORT' => '56501'
    'GATEWAY_INTERFACE' => 'CGI/1.1'
    'SERVER_PROTOCOL' => 'HTTP/1.1'
    'REQUEST_METHOD' => 'GET'
    'QUERY_STRING' => 'r=imsnews/add'
    'REQUEST_URI' => '/backend/web/index.php?r=imsnews/add'
    'SCRIPT_NAME' => '/backend/web/index.php'
    'PHP_SELF' => '/backend/web/index.php'
    'REQUEST_TIME_FLOAT' => 1575360925.84
    'REQUEST_TIME' => 1575360925
    'argv' => [
        0 => 'r=imsnews/add'
    ]
    'argc' => 1
]
2019-12-03 16:16:05 [::1][53][32fa3ea2de4c91a28c2cb89e99b92d9e][error][Error] Error: Class 'yii\redactor\widgets\Redactor' not found in /Applications/MAMP/htdocs/web/yii/backend/views/imsnews/_form.php:46
Stack trace:
#0 /Applications/MAMP/htdocs/web/yii/vendor/yiisoft/yii2/base/View.php(348): require()
#1 /Applications/MAMP/htdocs/web/yii/vendor/yiisoft/yii2/base/View.php(257): yii\base\View->renderPhpFile('/Applications/M...', Array)
#2 /Applications/MAMP/htdocs/web/yii/vendor/yiisoft/yii2/base/View.php(156): yii\base\View->renderFile('/Applications/M...', Array, NULL)
#3 /Applications/MAMP/htdocs/web/yii/backend/views/imsnews/add.php(17): yii\base\View->render('_form', Array)
#4 /Applications/MAMP/htdocs/web/yii/vendor/yiisoft/yii2/base/View.php(348): require('/Applications/M...')
#5 /Applications/MAMP/htdocs/web/yii/vendor/yiisoft/yii2/base/View.php(257): yii\base\View->renderPhpFile('/Applications/M...', Array)
#6 /Applications/MAMP/htdocs/web/yii/vendor/yiisoft/yii2/base/View.php(156): yii\base\View->renderFile('/Applications/M...', Array, Object(backend\controllers\ImsnewsController))
#7 /Applications/MAMP/htdocs/web/yii/vendor/yiisoft/yii2/base/Controller.php(384): yii\base\View->render('add', Array, Object(backend\controllers\ImsnewsController))
#8 /Applications/MAMP/htdocs/web/yii/backend/controllers/ImsnewsController.php(78): yii\base\Controller->render('add', Array)
#9 [internal function]: backend\controllers\ImsnewsController->actionAdd()
#10 /Applications/MAMP/htdocs/web/yii/vendor/yiisoft/yii2/base/InlineAction.php(57): call_user_func_array(Array, Array)
#11 /Applications/MAMP/htdocs/web/yii/vendor/yiisoft/yii2/base/Controller.php(157): yii\base\InlineAction->runWithParams(Array)
#12 /Applications/MAMP/htdocs/web/yii/vendor/yiisoft/yii2/base/Module.php(528): yii\base\Controller->runAction('add', Array)
#13 /Applications/MAMP/htdocs/web/yii/vendor/yiisoft/yii2/web/Application.php(103): yii\base\Module->runAction('imsnews/add', Array)
#14 /Applications/MAMP/htdocs/web/yii/vendor/yiisoft/yii2/base/Application.php(386): yii\web\Application->handleRequest(Object(yii\web\Request))
#15 /Applications/MAMP/htdocs/web/yii/backend/web/index.php(18): yii\base\Application->run()
#16 {main}
2019-12-03 16:16:04 [::1][53][32fa3ea2de4c91a28c2cb89e99b92d9e][info][application] $_GET = [
    'r' => 'imsnews/add'
]

$_POST = []

$_FILES = []

$_COOKIE = [
    '_identity' => '5ebadecdf237960060827e974e204a6ae8d9a02278d34dc18556d0bf80a8cc69a:2:{i:0;s:9:\"_identity\";i:1;s:47:\"[53,\"JwTtz4-xTKvuK8sTqiVIk_chQQA16FaE\",2592000]\";}'
    'advanced-backend' => '32fa3ea2de4c91a28c2cb89e99b92d9e'
    '_csrf-backend' => 'a90bf170ce5bf6399912d6415df615ba3a36579c7a5bd2e1c8a8264368912998a:2:{i:0;s:13:\"_csrf-backend\";i:1;s:32:\"3wB9MHviHZ9lmhAkn5KNZCpU8Y7tJlGp\";}'
    'advanced-frontend' => '3dd54a41f2f5c6894043687831fc6514'
    '_csrf-frontend' => 'bbdec0b927d44974bbabea269de9c136c7fcbc0ee3cae25969395571fccf956da:2:{i:0;s:14:\"_csrf-frontend\";i:1;s:32:\"TK3jKxvX_YXArxNlXP7icNpCn1-2rU1u\";}'
]

$_SESSION = [
    '__flash' => []
    '__id' => 53
]

$_SERVER = [
    'HTTP_HOST' => 'yii'
    'HTTP_USER_AGENT' => 'Mozilla/5.0 (Macintosh; Intel Mac OS X 10.13; rv:70.0) Gecko/20100101 Firefox/70.0'
    'HTTP_ACCEPT' => 'text/html,application/xhtml+xml,application/xml;q=0.9,*/*;q=0.8'
    'HTTP_ACCEPT_LANGUAGE' => 'zh-CN,zh;q=0.8,zh-TW;q=0.7,zh-HK;q=0.5,en-US;q=0.3,en;q=0.2'
    'HTTP_ACCEPT_ENCODING' => 'gzip, deflate'
    'HTTP_CONNECTION' => 'keep-alive'
    'HTTP_COOKIE' => '_identity=5ebadecdf237960060827e974e204a6ae8d9a02278d34dc18556d0bf80a8cc69a%3A2%3A%7Bi%3A0%3Bs%3A9%3A%22_identity%22%3Bi%3A1%3Bs%3A47%3A%22%5B53%2C%22JwTtz4-xTKvuK8sTqiVIk_chQQA16FaE%22%2C2592000%5D%22%3B%7D; advanced-backend=32fa3ea2de4c91a28c2cb89e99b92d9e; _csrf-backend=a90bf170ce5bf6399912d6415df615ba3a36579c7a5bd2e1c8a8264368912998a%3A2%3A%7Bi%3A0%3Bs%3A13%3A%22_csrf-backend%22%3Bi%3A1%3Bs%3A32%3A%223wB9MHviHZ9lmhAkn5KNZCpU8Y7tJlGp%22%3B%7D; advanced-frontend=3dd54a41f2f5c6894043687831fc6514; _csrf-frontend=bbdec0b927d44974bbabea269de9c136c7fcbc0ee3cae25969395571fccf956da%3A2%3A%7Bi%3A0%3Bs%3A14%3A%22_csrf-frontend%22%3Bi%3A1%3Bs%3A32%3A%22TK3jKxvX_YXArxNlXP7icNpCn1-2rU1u%22%3B%7D'
    'HTTP_UPGRADE_INSECURE_REQUESTS' => '1'
    'HTTP_CACHE_CONTROL' => 'max-age=0'
    'PATH' => '/usr/bin:/bin:/usr/sbin:/sbin'
    'SERVER_SIGNATURE' => ''
    'SERVER_SOFTWARE' => 'Apache'
    'SERVER_NAME' => 'yii'
    'SERVER_ADDR' => '::1'
    'SERVER_PORT' => '80'
    'REMOTE_ADDR' => '::1'
    'DOCUMENT_ROOT' => '/Applications/MAMP/htdocs/web/yii'
    'SERVER_ADMIN' => 'you@example.com'
    'SCRIPT_FILENAME' => '/Applications/MAMP/htdocs/web/yii/backend/web/index.php'
    'REMOTE_PORT' => '56670'
    'GATEWAY_INTERFACE' => 'CGI/1.1'
    'SERVER_PROTOCOL' => 'HTTP/1.1'
    'REQUEST_METHOD' => 'GET'
    'QUERY_STRING' => 'r=imsnews/add'
    'REQUEST_URI' => '/backend/web/index.php?r=imsnews/add'
    'SCRIPT_NAME' => '/backend/web/index.php'
    'PHP_SELF' => '/backend/web/index.php'
    'REQUEST_TIME_FLOAT' => 1575360964.96
    'REQUEST_TIME' => 1575360964
    'argv' => [
        0 => 'r=imsnews/add'
    ]
    'argc' => 1
]
2019-12-03 16:23:31 [::1][53][32fa3ea2de4c91a28c2cb89e99b92d9e][error][yii\base\UnknownPropertyException] yii\base\UnknownPropertyException: Getting unknown property: backend\models\ImsNews::img in /Applications/MAMP/htdocs/web/yii/vendor/yiisoft/yii2/base/Component.php:154
Stack trace:
#0 /Applications/MAMP/htdocs/web/yii/vendor/yiisoft/yii2/db/BaseActiveRecord.php(298): yii\base\Component->__get('img')
#1 /Applications/MAMP/htdocs/web/yii/vendor/yiisoft/yii2/base/Model.php(1026): yii\db\BaseActiveRecord->__get('img')
#2 /Applications/MAMP/htdocs/web/yii/backend/views/imsnews/_form.php(28): yii\base\Model->offsetGet('img')
#3 /Applications/MAMP/htdocs/web/yii/vendor/yiisoft/yii2/base/View.php(348): require('/Applications/M...')
#4 /Applications/MAMP/htdocs/web/yii/vendor/yiisoft/yii2/base/View.php(257): yii\base\View->renderPhpFile('/Applications/M...', Array)
#5 /Applications/MAMP/htdocs/web/yii/vendor/yiisoft/yii2/base/View.php(156): yii\base\View->renderFile('/Applications/M...', Array, NULL)
#6 /Applications/MAMP/htdocs/web/yii/backend/views/imsnews/add.php(17): yii\base\View->render('_form', Array)
#7 /Applications/MAMP/htdocs/web/yii/vendor/yiisoft/yii2/base/View.php(348): require('/Applications/M...')
#8 /Applications/MAMP/htdocs/web/yii/vendor/yiisoft/yii2/base/View.php(257): yii\base\View->renderPhpFile('/Applications/M...', Array)
#9 /Applications/MAMP/htdocs/web/yii/vendor/yiisoft/yii2/base/View.php(156): yii\base\View->renderFile('/Applications/M...', Array, Object(backend\controllers\ImsnewsController))
#10 /Applications/MAMP/htdocs/web/yii/vendor/yiisoft/yii2/base/Controller.php(384): yii\base\View->render('add', Array, Object(backend\controllers\ImsnewsController))
#11 /Applications/MAMP/htdocs/web/yii/backend/controllers/ImsnewsController.php(78): yii\base\Controller->render('add', Array)
#12 [internal function]: backend\controllers\ImsnewsController->actionAdd()
#13 /Applications/MAMP/htdocs/web/yii/vendor/yiisoft/yii2/base/InlineAction.php(57): call_user_func_array(Array, Array)
#14 /Applications/MAMP/htdocs/web/yii/vendor/yiisoft/yii2/base/Controller.php(157): yii\base\InlineAction->runWithParams(Array)
#15 /Applications/MAMP/htdocs/web/yii/vendor/yiisoft/yii2/base/Module.php(528): yii\base\Controller->runAction('add', Array)
#16 /Applications/MAMP/htdocs/web/yii/vendor/yiisoft/yii2/web/Application.php(103): yii\base\Module->runAction('imsnews/add', Array)
#17 /Applications/MAMP/htdocs/web/yii/vendor/yiisoft/yii2/base/Application.php(386): yii\web\Application->handleRequest(Object(yii\web\Request))
#18 /Applications/MAMP/htdocs/web/yii/backend/web/index.php(18): yii\base\Application->run()
#19 {main}
2019-12-03 16:23:31 [::1][53][32fa3ea2de4c91a28c2cb89e99b92d9e][info][application] $_GET = [
    'r' => 'imsnews/add'
]

$_POST = []

$_FILES = []

$_COOKIE = [
    '_identity' => '5ebadecdf237960060827e974e204a6ae8d9a02278d34dc18556d0bf80a8cc69a:2:{i:0;s:9:\"_identity\";i:1;s:47:\"[53,\"JwTtz4-xTKvuK8sTqiVIk_chQQA16FaE\",2592000]\";}'
    'advanced-backend' => '32fa3ea2de4c91a28c2cb89e99b92d9e'
    '_csrf-backend' => 'a90bf170ce5bf6399912d6415df615ba3a36579c7a5bd2e1c8a8264368912998a:2:{i:0;s:13:\"_csrf-backend\";i:1;s:32:\"3wB9MHviHZ9lmhAkn5KNZCpU8Y7tJlGp\";}'
    'advanced-frontend' => '3dd54a41f2f5c6894043687831fc6514'
    '_csrf-frontend' => 'bbdec0b927d44974bbabea269de9c136c7fcbc0ee3cae25969395571fccf956da:2:{i:0;s:14:\"_csrf-frontend\";i:1;s:32:\"TK3jKxvX_YXArxNlXP7icNpCn1-2rU1u\";}'
]

$_SESSION = [
    '__flash' => []
    '__id' => 53
]

$_SERVER = [
    'HTTP_HOST' => 'yii'
    'HTTP_USER_AGENT' => 'Mozilla/5.0 (Macintosh; Intel Mac OS X 10.13; rv:70.0) Gecko/20100101 Firefox/70.0'
    'HTTP_ACCEPT' => 'text/html,application/xhtml+xml,application/xml;q=0.9,*/*;q=0.8'
    'HTTP_ACCEPT_LANGUAGE' => 'zh-CN,zh;q=0.8,zh-TW;q=0.7,zh-HK;q=0.5,en-US;q=0.3,en;q=0.2'
    'HTTP_ACCEPT_ENCODING' => 'gzip, deflate'
    'HTTP_CONNECTION' => 'keep-alive'
    'HTTP_COOKIE' => '_identity=5ebadecdf237960060827e974e204a6ae8d9a02278d34dc18556d0bf80a8cc69a%3A2%3A%7Bi%3A0%3Bs%3A9%3A%22_identity%22%3Bi%3A1%3Bs%3A47%3A%22%5B53%2C%22JwTtz4-xTKvuK8sTqiVIk_chQQA16FaE%22%2C2592000%5D%22%3B%7D; advanced-backend=32fa3ea2de4c91a28c2cb89e99b92d9e; _csrf-backend=a90bf170ce5bf6399912d6415df615ba3a36579c7a5bd2e1c8a8264368912998a%3A2%3A%7Bi%3A0%3Bs%3A13%3A%22_csrf-backend%22%3Bi%3A1%3Bs%3A32%3A%223wB9MHviHZ9lmhAkn5KNZCpU8Y7tJlGp%22%3B%7D; advanced-frontend=3dd54a41f2f5c6894043687831fc6514; _csrf-frontend=bbdec0b927d44974bbabea269de9c136c7fcbc0ee3cae25969395571fccf956da%3A2%3A%7Bi%3A0%3Bs%3A14%3A%22_csrf-frontend%22%3Bi%3A1%3Bs%3A32%3A%22TK3jKxvX_YXArxNlXP7icNpCn1-2rU1u%22%3B%7D'
    'HTTP_UPGRADE_INSECURE_REQUESTS' => '1'
    'HTTP_CACHE_CONTROL' => 'max-age=0'
    'PATH' => '/usr/bin:/bin:/usr/sbin:/sbin'
    'SERVER_SIGNATURE' => ''
    'SERVER_SOFTWARE' => 'Apache'
    'SERVER_NAME' => 'yii'
    'SERVER_ADDR' => '::1'
    'SERVER_PORT' => '80'
    'REMOTE_ADDR' => '::1'
    'DOCUMENT_ROOT' => '/Applications/MAMP/htdocs/web/yii'
    'SERVER_ADMIN' => 'you@example.com'
    'SCRIPT_FILENAME' => '/Applications/MAMP/htdocs/web/yii/backend/web/index.php'
    'REMOTE_PORT' => '58799'
    'GATEWAY_INTERFACE' => 'CGI/1.1'
    'SERVER_PROTOCOL' => 'HTTP/1.1'
    'REQUEST_METHOD' => 'GET'
    'QUERY_STRING' => 'r=imsnews/add'
    'REQUEST_URI' => '/backend/web/index.php?r=imsnews/add'
    'SCRIPT_NAME' => '/backend/web/index.php'
    'PHP_SELF' => '/backend/web/index.php'
    'REQUEST_TIME_FLOAT' => 1575361411.04
    'REQUEST_TIME' => 1575361411
    'argv' => [
        0 => 'r=imsnews/add'
    ]
    'argc' => 1
]
