2019-11-18 09:51:14 [::1][53][2bc26c090b778c679ddcb653bc7a266f][error][yii\base\ViewNotFoundException] yii\base\ViewNotFoundException: The view file does not exist: /Applications/MAMP/htdocs/web/yii/backend/views/user-backend/inde.php in /Applications/MAMP/htdocs/web/yii/vendor/yiisoft/yii2/base/View.php:233
Stack trace:
#0 /Applications/MAMP/htdocs/web/yii/vendor/yiisoft/yii2/base/View.php(156): yii\base\View->renderFile('/Applications/M...', Array, Object(backend\controllers\UserBackendController))
#1 /Applications/MAMP/htdocs/web/yii/vendor/yiisoft/yii2/base/Controller.php(384): yii\base\View->render('inde', Array, Object(backend\controllers\UserBackendController))
#2 /Applications/MAMP/htdocs/web/yii/backend/controllers/UserBackendController.php(55): yii\base\Controller->render('inde', Array)
#3 [internal function]: backend\controllers\UserBackendController->actionIndex()
#4 /Applications/MAMP/htdocs/web/yii/vendor/yiisoft/yii2/base/InlineAction.php(57): call_user_func_array(Array, Array)
#5 /Applications/MAMP/htdocs/web/yii/vendor/yiisoft/yii2/base/Controller.php(157): yii\base\InlineAction->runWithParams(Array)
#6 /Applications/MAMP/htdocs/web/yii/vendor/yiisoft/yii2/base/Module.php(528): yii\base\Controller->runAction('', Array)
#7 /Applications/MAMP/htdocs/web/yii/vendor/yiisoft/yii2/web/Application.php(103): yii\base\Module->runAction('user-backend', Array)
#8 /Applications/MAMP/htdocs/web/yii/vendor/yiisoft/yii2/base/Application.php(386): yii\web\Application->handleRequest(Object(yii\web\Request))
#9 /Applications/MAMP/htdocs/web/yii/backend/web/index.php(18): yii\base\Application->run()
#10 {main}
2019-11-18 09:51:14 [::1][53][2bc26c090b778c679ddcb653bc7a266f][info][application] $_GET = [
    'r' => 'user-backend'
]

$_POST = []

$_FILES = []

$_COOKIE = [
    '_identity' => '5ebadecdf237960060827e974e204a6ae8d9a02278d34dc18556d0bf80a8cc69a:2:{i:0;s:9:\"_identity\";i:1;s:47:\"[53,\"JwTtz4-xTKvuK8sTqiVIk_chQQA16FaE\",2592000]\";}'
]

$_SESSION = [
    '__flash' => []
    '__id' => 53
]

$_SERVER = [
    'HTTP_HOST' => 'yii'
    'HTTP_USER_AGENT' => 'Mozilla/5.0 (Macintosh; Intel Mac OS X 10.13; rv:70.0) Gecko/20100101 Firefox/70.0'
    'HTTP_ACCEPT' => 'text/html,application/xhtml+xml,application/xml;q=0.9,*/*;q=0.8'
    'HTTP_ACCEPT_LANGUAGE' => 'zh-CN,zh;q=0.8,zh-TW;q=0.7,zh-HK;q=0.5,en-US;q=0.3,en;q=0.2'
    'HTTP_ACCEPT_ENCODING' => 'gzip, deflate'
    'HTTP_CONNECTION' => 'keep-alive'
    'HTTP_COOKIE' => '_identity=5ebadecdf237960060827e974e204a6ae8d9a02278d34dc18556d0bf80a8cc69a%3A2%3A%7Bi%3A0%3Bs%3A9%3A%22_identity%22%3Bi%3A1%3Bs%3A47%3A%22%5B53%2C%22JwTtz4-xTKvuK8sTqiVIk_chQQA16FaE%22%2C2592000%5D%22%3B%7D'
    'HTTP_UPGRADE_INSECURE_REQUESTS' => '1'
    'PATH' => '/usr/bin:/bin:/usr/sbin:/sbin'
    'SERVER_SIGNATURE' => ''
    'SERVER_SOFTWARE' => 'Apache'
    'SERVER_NAME' => 'yii'
    'SERVER_ADDR' => '::1'
    'SERVER_PORT' => '80'
    'REMOTE_ADDR' => '::1'
    'DOCUMENT_ROOT' => '/Applications/MAMP/htdocs/web/yii'
    'SERVER_ADMIN' => 'you@example.com'
    'SCRIPT_FILENAME' => '/Applications/MAMP/htdocs/web/yii/backend/web/index.php'
    'REMOTE_PORT' => '64172'
    'GATEWAY_INTERFACE' => 'CGI/1.1'
    'SERVER_PROTOCOL' => 'HTTP/1.1'
    'REQUEST_METHOD' => 'GET'
    'QUERY_STRING' => 'r=user-backend'
    'REQUEST_URI' => '/backend/web/index.php?r=user-backend'
    'SCRIPT_NAME' => '/backend/web/index.php'
    'PHP_SELF' => '/backend/web/index.php'
    'REQUEST_TIME_FLOAT' => 1574041874.5
    'REQUEST_TIME' => 1574041874
    'argv' => [
        0 => 'r=user-backend'
    ]
    'argc' => 1
]
