2019-11-26 10:27:42 [::1][53][32fa3ea2de4c91a28c2cb89e99b92d9e][error][ParseError] ParseError: syntax error, unexpected '?>', expecting ']' in /Applications/MAMP/htdocs/web/yii/backend/views/imsindex/index.php:96
Stack trace:
#0 /Applications/MAMP/htdocs/web/yii/vendor/yiisoft/yii2/base/View.php(257): yii\base\View->renderPhpFile('/Applications/M...', Array)
#1 /Applications/MAMP/htdocs/web/yii/vendor/yiisoft/yii2/base/View.php(156): yii\base\View->renderFile('/Applications/M...', Array, Object(backend\controllers\ImsindexController))
#2 /Applications/MAMP/htdocs/web/yii/vendor/yiisoft/yii2/base/Controller.php(384): yii\base\View->render('index', Array, Object(backend\controllers\ImsindexController))
#3 /Applications/MAMP/htdocs/web/yii/backend/controllers/ImsindexController.php(45): yii\base\Controller->render('index', Array)
#4 [internal function]: backend\controllers\ImsindexController->actionIndex()
#5 /Applications/MAMP/htdocs/web/yii/vendor/yiisoft/yii2/base/InlineAction.php(57): call_user_func_array(Array, Array)
#6 /Applications/MAMP/htdocs/web/yii/vendor/yiisoft/yii2/base/Controller.php(157): yii\base\InlineAction->runWithParams(Array)
#7 /Applications/MAMP/htdocs/web/yii/vendor/yiisoft/yii2/base/Module.php(528): yii\base\Controller->runAction('', Array)
#8 /Applications/MAMP/htdocs/web/yii/vendor/yiisoft/yii2/web/Application.php(103): yii\base\Module->runAction('imsindex', Array)
#9 /Applications/MAMP/htdocs/web/yii/vendor/yiisoft/yii2/base/Application.php(386): yii\web\Application->handleRequest(Object(yii\web\Request))
#10 /Applications/MAMP/htdocs/web/yii/backend/web/index.php(18): yii\base\Application->run()
#11 {main}
2019-11-26 10:27:42 [::1][53][32fa3ea2de4c91a28c2cb89e99b92d9e][info][application] $_GET = [
    'r' => 'imsindex'
]

$_POST = []

$_FILES = []

$_COOKIE = [
    '_identity' => '5ebadecdf237960060827e974e204a6ae8d9a02278d34dc18556d0bf80a8cc69a:2:{i:0;s:9:\"_identity\";i:1;s:47:\"[53,\"JwTtz4-xTKvuK8sTqiVIk_chQQA16FaE\",2592000]\";}'
    'advanced-backend' => '32fa3ea2de4c91a28c2cb89e99b92d9e'
    '_csrf-backend' => 'a90bf170ce5bf6399912d6415df615ba3a36579c7a5bd2e1c8a8264368912998a:2:{i:0;s:13:\"_csrf-backend\";i:1;s:32:\"3wB9MHviHZ9lmhAkn5KNZCpU8Y7tJlGp\";}'
    'advanced-frontend' => '3dd54a41f2f5c6894043687831fc6514'
    '_csrf-frontend' => 'bbdec0b927d44974bbabea269de9c136c7fcbc0ee3cae25969395571fccf956da:2:{i:0;s:14:\"_csrf-frontend\";i:1;s:32:\"TK3jKxvX_YXArxNlXP7icNpCn1-2rU1u\";}'
]

$_SESSION = [
    '__flash' => []
    '__id' => 53
]

$_SERVER = [
    'HTTP_HOST' => 'yii'
    'HTTP_USER_AGENT' => 'Mozilla/5.0 (Macintosh; Intel Mac OS X 10.13; rv:70.0) Gecko/20100101 Firefox/70.0'
    'HTTP_ACCEPT' => 'text/html,application/xhtml+xml,application/xml;q=0.9,*/*;q=0.8'
    'HTTP_ACCEPT_LANGUAGE' => 'zh-CN,zh;q=0.8,zh-TW;q=0.7,zh-HK;q=0.5,en-US;q=0.3,en;q=0.2'
    'HTTP_ACCEPT_ENCODING' => 'gzip, deflate'
    'HTTP_CONNECTION' => 'keep-alive'
    'HTTP_COOKIE' => '_identity=5ebadecdf237960060827e974e204a6ae8d9a02278d34dc18556d0bf80a8cc69a%3A2%3A%7Bi%3A0%3Bs%3A9%3A%22_identity%22%3Bi%3A1%3Bs%3A47%3A%22%5B53%2C%22JwTtz4-xTKvuK8sTqiVIk_chQQA16FaE%22%2C2592000%5D%22%3B%7D; advanced-backend=32fa3ea2de4c91a28c2cb89e99b92d9e; _csrf-backend=a90bf170ce5bf6399912d6415df615ba3a36579c7a5bd2e1c8a8264368912998a%3A2%3A%7Bi%3A0%3Bs%3A13%3A%22_csrf-backend%22%3Bi%3A1%3Bs%3A32%3A%223wB9MHviHZ9lmhAkn5KNZCpU8Y7tJlGp%22%3B%7D; advanced-frontend=3dd54a41f2f5c6894043687831fc6514; _csrf-frontend=bbdec0b927d44974bbabea269de9c136c7fcbc0ee3cae25969395571fccf956da%3A2%3A%7Bi%3A0%3Bs%3A14%3A%22_csrf-frontend%22%3Bi%3A1%3Bs%3A32%3A%22TK3jKxvX_YXArxNlXP7icNpCn1-2rU1u%22%3B%7D'
    'HTTP_UPGRADE_INSECURE_REQUESTS' => '1'
    'HTTP_CACHE_CONTROL' => 'max-age=0'
    'PATH' => '/usr/bin:/bin:/usr/sbin:/sbin'
    'SERVER_SIGNATURE' => ''
    'SERVER_SOFTWARE' => 'Apache'
    'SERVER_NAME' => 'yii'
    'SERVER_ADDR' => '::1'
    'SERVER_PORT' => '80'
    'REMOTE_ADDR' => '::1'
    'DOCUMENT_ROOT' => '/Applications/MAMP/htdocs/web/yii'
    'SERVER_ADMIN' => 'you@example.com'
    'SCRIPT_FILENAME' => '/Applications/MAMP/htdocs/web/yii/backend/web/index.php'
    'REMOTE_PORT' => '54662'
    'GATEWAY_INTERFACE' => 'CGI/1.1'
    'SERVER_PROTOCOL' => 'HTTP/1.1'
    'REQUEST_METHOD' => 'GET'
    'QUERY_STRING' => 'r=imsindex'
    'REQUEST_URI' => '/backend/web/index.php?r=imsindex'
    'SCRIPT_NAME' => '/backend/web/index.php'
    'PHP_SELF' => '/backend/web/index.php'
    'REQUEST_TIME_FLOAT' => 1574735262.74
    'REQUEST_TIME' => 1574735262
    'argv' => [
        0 => 'r=imsindex'
    ]
    'argc' => 1
]
2019-11-26 11:57:51 [::1][53][32fa3ea2de4c91a28c2cb89e99b92d9e][error][Error] Error: Class 'backend\controllers\Awesome' not found in /Applications/MAMP/htdocs/web/yii/backend/controllers/ImsindexController.php:57
Stack trace:
#0 /Applications/MAMP/htdocs/web/yii/backend/controllers/ImsindexController.php(43): backend\controllers\ImsindexController->awsome_list()
#1 [internal function]: backend\controllers\ImsindexController->actionIndex()
#2 /Applications/MAMP/htdocs/web/yii/vendor/yiisoft/yii2/base/InlineAction.php(57): call_user_func_array(Array, Array)
#3 /Applications/MAMP/htdocs/web/yii/vendor/yiisoft/yii2/base/Controller.php(157): yii\base\InlineAction->runWithParams(Array)
#4 /Applications/MAMP/htdocs/web/yii/vendor/yiisoft/yii2/base/Module.php(528): yii\base\Controller->runAction('', Array)
#5 /Applications/MAMP/htdocs/web/yii/vendor/yiisoft/yii2/web/Application.php(103): yii\base\Module->runAction('imsindex', Array)
#6 /Applications/MAMP/htdocs/web/yii/vendor/yiisoft/yii2/base/Application.php(386): yii\web\Application->handleRequest(Object(yii\web\Request))
#7 /Applications/MAMP/htdocs/web/yii/backend/web/index.php(18): yii\base\Application->run()
#8 {main}
2019-11-26 11:57:51 [::1][53][32fa3ea2de4c91a28c2cb89e99b92d9e][info][application] $_GET = [
    'r' => 'imsindex'
]

$_POST = []

$_FILES = []

$_COOKIE = [
    '_identity' => '5ebadecdf237960060827e974e204a6ae8d9a02278d34dc18556d0bf80a8cc69a:2:{i:0;s:9:\"_identity\";i:1;s:47:\"[53,\"JwTtz4-xTKvuK8sTqiVIk_chQQA16FaE\",2592000]\";}'
    'advanced-backend' => '32fa3ea2de4c91a28c2cb89e99b92d9e'
    '_csrf-backend' => 'a90bf170ce5bf6399912d6415df615ba3a36579c7a5bd2e1c8a8264368912998a:2:{i:0;s:13:\"_csrf-backend\";i:1;s:32:\"3wB9MHviHZ9lmhAkn5KNZCpU8Y7tJlGp\";}'
    'advanced-frontend' => '3dd54a41f2f5c6894043687831fc6514'
    '_csrf-frontend' => 'bbdec0b927d44974bbabea269de9c136c7fcbc0ee3cae25969395571fccf956da:2:{i:0;s:14:\"_csrf-frontend\";i:1;s:32:\"TK3jKxvX_YXArxNlXP7icNpCn1-2rU1u\";}'
]

$_SESSION = [
    '__flash' => []
    '__id' => 53
]

$_SERVER = [
    'HTTP_HOST' => 'yii'
    'HTTP_USER_AGENT' => 'Mozilla/5.0 (Macintosh; Intel Mac OS X 10.13; rv:70.0) Gecko/20100101 Firefox/70.0'
    'HTTP_ACCEPT' => 'text/html,application/xhtml+xml,application/xml;q=0.9,*/*;q=0.8'
    'HTTP_ACCEPT_LANGUAGE' => 'zh-CN,zh;q=0.8,zh-TW;q=0.7,zh-HK;q=0.5,en-US;q=0.3,en;q=0.2'
    'HTTP_ACCEPT_ENCODING' => 'gzip, deflate'
    'HTTP_CONNECTION' => 'keep-alive'
    'HTTP_COOKIE' => '_identity=5ebadecdf237960060827e974e204a6ae8d9a02278d34dc18556d0bf80a8cc69a%3A2%3A%7Bi%3A0%3Bs%3A9%3A%22_identity%22%3Bi%3A1%3Bs%3A47%3A%22%5B53%2C%22JwTtz4-xTKvuK8sTqiVIk_chQQA16FaE%22%2C2592000%5D%22%3B%7D; advanced-backend=32fa3ea2de4c91a28c2cb89e99b92d9e; _csrf-backend=a90bf170ce5bf6399912d6415df615ba3a36579c7a5bd2e1c8a8264368912998a%3A2%3A%7Bi%3A0%3Bs%3A13%3A%22_csrf-backend%22%3Bi%3A1%3Bs%3A32%3A%223wB9MHviHZ9lmhAkn5KNZCpU8Y7tJlGp%22%3B%7D; advanced-frontend=3dd54a41f2f5c6894043687831fc6514; _csrf-frontend=bbdec0b927d44974bbabea269de9c136c7fcbc0ee3cae25969395571fccf956da%3A2%3A%7Bi%3A0%3Bs%3A14%3A%22_csrf-frontend%22%3Bi%3A1%3Bs%3A32%3A%22TK3jKxvX_YXArxNlXP7icNpCn1-2rU1u%22%3B%7D'
    'HTTP_UPGRADE_INSECURE_REQUESTS' => '1'
    'HTTP_CACHE_CONTROL' => 'max-age=0'
    'PATH' => '/usr/bin:/bin:/usr/sbin:/sbin'
    'SERVER_SIGNATURE' => ''
    'SERVER_SOFTWARE' => 'Apache'
    'SERVER_NAME' => 'yii'
    'SERVER_ADDR' => '::1'
    'SERVER_PORT' => '80'
    'REMOTE_ADDR' => '::1'
    'DOCUMENT_ROOT' => '/Applications/MAMP/htdocs/web/yii'
    'SERVER_ADMIN' => 'you@example.com'
    'SCRIPT_FILENAME' => '/Applications/MAMP/htdocs/web/yii/backend/web/index.php'
    'REMOTE_PORT' => '57191'
    'GATEWAY_INTERFACE' => 'CGI/1.1'
    'SERVER_PROTOCOL' => 'HTTP/1.1'
    'REQUEST_METHOD' => 'GET'
    'QUERY_STRING' => 'r=imsindex'
    'REQUEST_URI' => '/backend/web/index.php?r=imsindex'
    'SCRIPT_NAME' => '/backend/web/index.php'
    'PHP_SELF' => '/backend/web/index.php'
    'REQUEST_TIME_FLOAT' => 1574740671.89
    'REQUEST_TIME' => 1574740671
    'argv' => [
        0 => 'r=imsindex'
    ]
    'argc' => 1
]
2019-11-26 11:58:31 [::1][53][32fa3ea2de4c91a28c2cb89e99b92d9e][error][Error] Error: Class 'backend\controllers\Awesome' not found in /Applications/MAMP/htdocs/web/yii/backend/controllers/ImsindexController.php:57
Stack trace:
#0 /Applications/MAMP/htdocs/web/yii/backend/controllers/ImsindexController.php(43): backend\controllers\ImsindexController->awsome_list()
#1 [internal function]: backend\controllers\ImsindexController->actionIndex()
#2 /Applications/MAMP/htdocs/web/yii/vendor/yiisoft/yii2/base/InlineAction.php(57): call_user_func_array(Array, Array)
#3 /Applications/MAMP/htdocs/web/yii/vendor/yiisoft/yii2/base/Controller.php(157): yii\base\InlineAction->runWithParams(Array)
#4 /Applications/MAMP/htdocs/web/yii/vendor/yiisoft/yii2/base/Module.php(528): yii\base\Controller->runAction('', Array)
#5 /Applications/MAMP/htdocs/web/yii/vendor/yiisoft/yii2/web/Application.php(103): yii\base\Module->runAction('imsindex', Array)
#6 /Applications/MAMP/htdocs/web/yii/vendor/yiisoft/yii2/base/Application.php(386): yii\web\Application->handleRequest(Object(yii\web\Request))
#7 /Applications/MAMP/htdocs/web/yii/backend/web/index.php(18): yii\base\Application->run()
#8 {main}
2019-11-26 11:58:31 [::1][53][32fa3ea2de4c91a28c2cb89e99b92d9e][info][application] $_GET = [
    'r' => 'imsindex'
]

$_POST = []

$_FILES = []

$_COOKIE = [
    '_identity' => '5ebadecdf237960060827e974e204a6ae8d9a02278d34dc18556d0bf80a8cc69a:2:{i:0;s:9:\"_identity\";i:1;s:47:\"[53,\"JwTtz4-xTKvuK8sTqiVIk_chQQA16FaE\",2592000]\";}'
    'advanced-backend' => '32fa3ea2de4c91a28c2cb89e99b92d9e'
    '_csrf-backend' => 'a90bf170ce5bf6399912d6415df615ba3a36579c7a5bd2e1c8a8264368912998a:2:{i:0;s:13:\"_csrf-backend\";i:1;s:32:\"3wB9MHviHZ9lmhAkn5KNZCpU8Y7tJlGp\";}'
    'advanced-frontend' => '3dd54a41f2f5c6894043687831fc6514'
    '_csrf-frontend' => 'bbdec0b927d44974bbabea269de9c136c7fcbc0ee3cae25969395571fccf956da:2:{i:0;s:14:\"_csrf-frontend\";i:1;s:32:\"TK3jKxvX_YXArxNlXP7icNpCn1-2rU1u\";}'
]

$_SESSION = [
    '__flash' => []
    '__id' => 53
]

$_SERVER = [
    'HTTP_HOST' => 'yii'
    'HTTP_USER_AGENT' => 'Mozilla/5.0 (Macintosh; Intel Mac OS X 10.13; rv:70.0) Gecko/20100101 Firefox/70.0'
    'HTTP_ACCEPT' => 'text/html,application/xhtml+xml,application/xml;q=0.9,*/*;q=0.8'
    'HTTP_ACCEPT_LANGUAGE' => 'zh-CN,zh;q=0.8,zh-TW;q=0.7,zh-HK;q=0.5,en-US;q=0.3,en;q=0.2'
    'HTTP_ACCEPT_ENCODING' => 'gzip, deflate'
    'HTTP_CONNECTION' => 'keep-alive'
    'HTTP_COOKIE' => '_identity=5ebadecdf237960060827e974e204a6ae8d9a02278d34dc18556d0bf80a8cc69a%3A2%3A%7Bi%3A0%3Bs%3A9%3A%22_identity%22%3Bi%3A1%3Bs%3A47%3A%22%5B53%2C%22JwTtz4-xTKvuK8sTqiVIk_chQQA16FaE%22%2C2592000%5D%22%3B%7D; advanced-backend=32fa3ea2de4c91a28c2cb89e99b92d9e; _csrf-backend=a90bf170ce5bf6399912d6415df615ba3a36579c7a5bd2e1c8a8264368912998a%3A2%3A%7Bi%3A0%3Bs%3A13%3A%22_csrf-backend%22%3Bi%3A1%3Bs%3A32%3A%223wB9MHviHZ9lmhAkn5KNZCpU8Y7tJlGp%22%3B%7D; advanced-frontend=3dd54a41f2f5c6894043687831fc6514; _csrf-frontend=bbdec0b927d44974bbabea269de9c136c7fcbc0ee3cae25969395571fccf956da%3A2%3A%7Bi%3A0%3Bs%3A14%3A%22_csrf-frontend%22%3Bi%3A1%3Bs%3A32%3A%22TK3jKxvX_YXArxNlXP7icNpCn1-2rU1u%22%3B%7D'
    'HTTP_UPGRADE_INSECURE_REQUESTS' => '1'
    'HTTP_CACHE_CONTROL' => 'max-age=0'
    'PATH' => '/usr/bin:/bin:/usr/sbin:/sbin'
    'SERVER_SIGNATURE' => ''
    'SERVER_SOFTWARE' => 'Apache'
    'SERVER_NAME' => 'yii'
    'SERVER_ADDR' => '::1'
    'SERVER_PORT' => '80'
    'REMOTE_ADDR' => '::1'
    'DOCUMENT_ROOT' => '/Applications/MAMP/htdocs/web/yii'
    'SERVER_ADMIN' => 'you@example.com'
    'SCRIPT_FILENAME' => '/Applications/MAMP/htdocs/web/yii/backend/web/index.php'
    'REMOTE_PORT' => '57193'
    'GATEWAY_INTERFACE' => 'CGI/1.1'
    'SERVER_PROTOCOL' => 'HTTP/1.1'
    'REQUEST_METHOD' => 'GET'
    'QUERY_STRING' => 'r=imsindex'
    'REQUEST_URI' => '/backend/web/index.php?r=imsindex'
    'SCRIPT_NAME' => '/backend/web/index.php'
    'PHP_SELF' => '/backend/web/index.php'
    'REQUEST_TIME_FLOAT' => 1574740711.56
    'REQUEST_TIME' => 1574740711
    'argv' => [
        0 => 'r=imsindex'
    ]
    'argc' => 1
]
2019-11-26 13:33:21 [::1][53][32fa3ea2de4c91a28c2cb89e99b92d9e][error][ParseError] ParseError: syntax error, unexpected '$fa_list' (T_VARIABLE), expecting ',' or ')' in /Applications/MAMP/htdocs/web/yii/backend/controllers/ImsindexController.php:63
Stack trace:
#0 [internal function]: yii\BaseYii::autoload('backend\\control...')
#1 [internal function]: spl_autoload_call('backend\\control...')
#2 /Applications/MAMP/htdocs/web/yii/vendor/yiisoft/yii2/base/Module.php(637): class_exists('backend\\control...')
#3 /Applications/MAMP/htdocs/web/yii/vendor/yiisoft/yii2/base/Module.php(596): yii\base\Module->createControllerByID('imsindex')
#4 /Applications/MAMP/htdocs/web/yii/vendor/yiisoft/yii2/base/Module.php(522): yii\base\Module->createController('')
#5 /Applications/MAMP/htdocs/web/yii/vendor/yiisoft/yii2/web/Application.php(103): yii\base\Module->runAction('imsindex', Array)
#6 /Applications/MAMP/htdocs/web/yii/vendor/yiisoft/yii2/base/Application.php(386): yii\web\Application->handleRequest(Object(yii\web\Request))
#7 /Applications/MAMP/htdocs/web/yii/backend/web/index.php(18): yii\base\Application->run()
#8 {main}
2019-11-26 13:33:21 [::1][53][32fa3ea2de4c91a28c2cb89e99b92d9e][info][application] $_GET = [
    'r' => 'imsindex'
]

$_POST = []

$_FILES = []

$_COOKIE = [
    '_identity' => '5ebadecdf237960060827e974e204a6ae8d9a02278d34dc18556d0bf80a8cc69a:2:{i:0;s:9:\"_identity\";i:1;s:47:\"[53,\"JwTtz4-xTKvuK8sTqiVIk_chQQA16FaE\",2592000]\";}'
    'advanced-backend' => '32fa3ea2de4c91a28c2cb89e99b92d9e'
    '_csrf-backend' => 'a90bf170ce5bf6399912d6415df615ba3a36579c7a5bd2e1c8a8264368912998a:2:{i:0;s:13:\"_csrf-backend\";i:1;s:32:\"3wB9MHviHZ9lmhAkn5KNZCpU8Y7tJlGp\";}'
    'advanced-frontend' => '3dd54a41f2f5c6894043687831fc6514'
    '_csrf-frontend' => 'bbdec0b927d44974bbabea269de9c136c7fcbc0ee3cae25969395571fccf956da:2:{i:0;s:14:\"_csrf-frontend\";i:1;s:32:\"TK3jKxvX_YXArxNlXP7icNpCn1-2rU1u\";}'
]

$_SESSION = [
    '__flash' => []
    '__id' => 53
]

$_SERVER = [
    'HTTP_HOST' => 'yii'
    'HTTP_USER_AGENT' => 'Mozilla/5.0 (Macintosh; Intel Mac OS X 10.13; rv:70.0) Gecko/20100101 Firefox/70.0'
    'HTTP_ACCEPT' => 'text/html,application/xhtml+xml,application/xml;q=0.9,*/*;q=0.8'
    'HTTP_ACCEPT_LANGUAGE' => 'zh-CN,zh;q=0.8,zh-TW;q=0.7,zh-HK;q=0.5,en-US;q=0.3,en;q=0.2'
    'HTTP_ACCEPT_ENCODING' => 'gzip, deflate'
    'HTTP_CONNECTION' => 'keep-alive'
    'HTTP_COOKIE' => '_identity=5ebadecdf237960060827e974e204a6ae8d9a02278d34dc18556d0bf80a8cc69a%3A2%3A%7Bi%3A0%3Bs%3A9%3A%22_identity%22%3Bi%3A1%3Bs%3A47%3A%22%5B53%2C%22JwTtz4-xTKvuK8sTqiVIk_chQQA16FaE%22%2C2592000%5D%22%3B%7D; advanced-backend=32fa3ea2de4c91a28c2cb89e99b92d9e; _csrf-backend=a90bf170ce5bf6399912d6415df615ba3a36579c7a5bd2e1c8a8264368912998a%3A2%3A%7Bi%3A0%3Bs%3A13%3A%22_csrf-backend%22%3Bi%3A1%3Bs%3A32%3A%223wB9MHviHZ9lmhAkn5KNZCpU8Y7tJlGp%22%3B%7D; advanced-frontend=3dd54a41f2f5c6894043687831fc6514; _csrf-frontend=bbdec0b927d44974bbabea269de9c136c7fcbc0ee3cae25969395571fccf956da%3A2%3A%7Bi%3A0%3Bs%3A14%3A%22_csrf-frontend%22%3Bi%3A1%3Bs%3A32%3A%22TK3jKxvX_YXArxNlXP7icNpCn1-2rU1u%22%3B%7D'
    'HTTP_UPGRADE_INSECURE_REQUESTS' => '1'
    'HTTP_CACHE_CONTROL' => 'max-age=0'
    'PATH' => '/usr/bin:/bin:/usr/sbin:/sbin'
    'SERVER_SIGNATURE' => ''
    'SERVER_SOFTWARE' => 'Apache'
    'SERVER_NAME' => 'yii'
    'SERVER_ADDR' => '::1'
    'SERVER_PORT' => '80'
    'REMOTE_ADDR' => '::1'
    'DOCUMENT_ROOT' => '/Applications/MAMP/htdocs/web/yii'
    'SERVER_ADMIN' => 'you@example.com'
    'SCRIPT_FILENAME' => '/Applications/MAMP/htdocs/web/yii/backend/web/index.php'
    'REMOTE_PORT' => '57963'
    'GATEWAY_INTERFACE' => 'CGI/1.1'
    'SERVER_PROTOCOL' => 'HTTP/1.1'
    'REQUEST_METHOD' => 'GET'
    'QUERY_STRING' => 'r=imsindex'
    'REQUEST_URI' => '/backend/web/index.php?r=imsindex'
    'SCRIPT_NAME' => '/backend/web/index.php'
    'PHP_SELF' => '/backend/web/index.php'
    'REQUEST_TIME_FLOAT' => 1574746401.52
    'REQUEST_TIME' => 1574746401
    'argv' => [
        0 => 'r=imsindex'
    ]
    'argc' => 1
]
2019-11-26 14:51:02 [::1][53][32fa3ea2de4c91a28c2cb89e99b92d9e][error][ParseError] ParseError: syntax error, unexpected 'name' (T_STRING) in /Applications/MAMP/htdocs/web/yii/backend/controllers/ImsindexController.php:61
Stack trace:
#0 [internal function]: yii\BaseYii::autoload('backend\\control...')
#1 [internal function]: spl_autoload_call('backend\\control...')
#2 /Applications/MAMP/htdocs/web/yii/vendor/yiisoft/yii2/base/Module.php(637): class_exists('backend\\control...')
#3 /Applications/MAMP/htdocs/web/yii/vendor/yiisoft/yii2/base/Module.php(596): yii\base\Module->createControllerByID('imsindex')
#4 /Applications/MAMP/htdocs/web/yii/vendor/yiisoft/yii2/base/Module.php(522): yii\base\Module->createController('')
#5 /Applications/MAMP/htdocs/web/yii/vendor/yiisoft/yii2/web/Application.php(103): yii\base\Module->runAction('imsindex', Array)
#6 /Applications/MAMP/htdocs/web/yii/vendor/yiisoft/yii2/base/Application.php(386): yii\web\Application->handleRequest(Object(yii\web\Request))
#7 /Applications/MAMP/htdocs/web/yii/backend/web/index.php(18): yii\base\Application->run()
#8 {main}
2019-11-26 14:51:02 [::1][53][32fa3ea2de4c91a28c2cb89e99b92d9e][info][application] $_GET = [
    'r' => 'imsindex'
]

$_POST = []

$_FILES = []

$_COOKIE = [
    '_identity' => '5ebadecdf237960060827e974e204a6ae8d9a02278d34dc18556d0bf80a8cc69a:2:{i:0;s:9:\"_identity\";i:1;s:47:\"[53,\"JwTtz4-xTKvuK8sTqiVIk_chQQA16FaE\",2592000]\";}'
    'advanced-backend' => '32fa3ea2de4c91a28c2cb89e99b92d9e'
    '_csrf-backend' => 'a90bf170ce5bf6399912d6415df615ba3a36579c7a5bd2e1c8a8264368912998a:2:{i:0;s:13:\"_csrf-backend\";i:1;s:32:\"3wB9MHviHZ9lmhAkn5KNZCpU8Y7tJlGp\";}'
    'advanced-frontend' => '3dd54a41f2f5c6894043687831fc6514'
    '_csrf-frontend' => 'bbdec0b927d44974bbabea269de9c136c7fcbc0ee3cae25969395571fccf956da:2:{i:0;s:14:\"_csrf-frontend\";i:1;s:32:\"TK3jKxvX_YXArxNlXP7icNpCn1-2rU1u\";}'
]

$_SESSION = [
    '__flash' => []
    '__id' => 53
]

$_SERVER = [
    'HTTP_HOST' => 'yii'
    'HTTP_USER_AGENT' => 'Mozilla/5.0 (Macintosh; Intel Mac OS X 10.13; rv:70.0) Gecko/20100101 Firefox/70.0'
    'HTTP_ACCEPT' => 'text/html,application/xhtml+xml,application/xml;q=0.9,*/*;q=0.8'
    'HTTP_ACCEPT_LANGUAGE' => 'zh-CN,zh;q=0.8,zh-TW;q=0.7,zh-HK;q=0.5,en-US;q=0.3,en;q=0.2'
    'HTTP_ACCEPT_ENCODING' => 'gzip, deflate'
    'HTTP_CONNECTION' => 'keep-alive'
    'HTTP_COOKIE' => '_identity=5ebadecdf237960060827e974e204a6ae8d9a02278d34dc18556d0bf80a8cc69a%3A2%3A%7Bi%3A0%3Bs%3A9%3A%22_identity%22%3Bi%3A1%3Bs%3A47%3A%22%5B53%2C%22JwTtz4-xTKvuK8sTqiVIk_chQQA16FaE%22%2C2592000%5D%22%3B%7D; advanced-backend=32fa3ea2de4c91a28c2cb89e99b92d9e; _csrf-backend=a90bf170ce5bf6399912d6415df615ba3a36579c7a5bd2e1c8a8264368912998a%3A2%3A%7Bi%3A0%3Bs%3A13%3A%22_csrf-backend%22%3Bi%3A1%3Bs%3A32%3A%223wB9MHviHZ9lmhAkn5KNZCpU8Y7tJlGp%22%3B%7D; advanced-frontend=3dd54a41f2f5c6894043687831fc6514; _csrf-frontend=bbdec0b927d44974bbabea269de9c136c7fcbc0ee3cae25969395571fccf956da%3A2%3A%7Bi%3A0%3Bs%3A14%3A%22_csrf-frontend%22%3Bi%3A1%3Bs%3A32%3A%22TK3jKxvX_YXArxNlXP7icNpCn1-2rU1u%22%3B%7D'
    'HTTP_UPGRADE_INSECURE_REQUESTS' => '1'
    'HTTP_PRAGMA' => 'no-cache'
    'HTTP_CACHE_CONTROL' => 'no-cache'
    'PATH' => '/usr/bin:/bin:/usr/sbin:/sbin'
    'SERVER_SIGNATURE' => ''
    'SERVER_SOFTWARE' => 'Apache'
    'SERVER_NAME' => 'yii'
    'SERVER_ADDR' => '::1'
    'SERVER_PORT' => '80'
    'REMOTE_ADDR' => '::1'
    'DOCUMENT_ROOT' => '/Applications/MAMP/htdocs/web/yii'
    'SERVER_ADMIN' => 'you@example.com'
    'SCRIPT_FILENAME' => '/Applications/MAMP/htdocs/web/yii/backend/web/index.php'
    'REMOTE_PORT' => '59192'
    'GATEWAY_INTERFACE' => 'CGI/1.1'
    'SERVER_PROTOCOL' => 'HTTP/1.1'
    'REQUEST_METHOD' => 'GET'
    'QUERY_STRING' => 'r=imsindex'
    'REQUEST_URI' => '/backend/web/index.php?r=imsindex'
    'SCRIPT_NAME' => '/backend/web/index.php'
    'PHP_SELF' => '/backend/web/index.php'
    'REQUEST_TIME_FLOAT' => 1574751062.72
    'REQUEST_TIME' => 1574751062
    'argv' => [
        0 => 'r=imsindex'
    ]
    'argc' => 1
]
2019-11-26 14:51:30 [::1][53][32fa3ea2de4c91a28c2cb89e99b92d9e][error][ParseError] ParseError: syntax error, unexpected 'name' (T_STRING) in /Applications/MAMP/htdocs/web/yii/backend/controllers/ImsindexController.php:61
Stack trace:
#0 [internal function]: yii\BaseYii::autoload('backend\\control...')
#1 [internal function]: spl_autoload_call('backend\\control...')
#2 /Applications/MAMP/htdocs/web/yii/vendor/yiisoft/yii2/base/Module.php(637): class_exists('backend\\control...')
#3 /Applications/MAMP/htdocs/web/yii/vendor/yiisoft/yii2/base/Module.php(596): yii\base\Module->createControllerByID('imsindex')
#4 /Applications/MAMP/htdocs/web/yii/vendor/yiisoft/yii2/base/Module.php(522): yii\base\Module->createController('')
#5 /Applications/MAMP/htdocs/web/yii/vendor/yiisoft/yii2/web/Application.php(103): yii\base\Module->runAction('imsindex', Array)
#6 /Applications/MAMP/htdocs/web/yii/vendor/yiisoft/yii2/base/Application.php(386): yii\web\Application->handleRequest(Object(yii\web\Request))
#7 /Applications/MAMP/htdocs/web/yii/backend/web/index.php(18): yii\base\Application->run()
#8 {main}
2019-11-26 14:51:30 [::1][53][32fa3ea2de4c91a28c2cb89e99b92d9e][info][application] $_GET = [
    'r' => 'imsindex'
]

$_POST = []

$_FILES = []

$_COOKIE = [
    '_identity' => '5ebadecdf237960060827e974e204a6ae8d9a02278d34dc18556d0bf80a8cc69a:2:{i:0;s:9:\"_identity\";i:1;s:47:\"[53,\"JwTtz4-xTKvuK8sTqiVIk_chQQA16FaE\",2592000]\";}'
    'advanced-backend' => '32fa3ea2de4c91a28c2cb89e99b92d9e'
    '_csrf-backend' => 'a90bf170ce5bf6399912d6415df615ba3a36579c7a5bd2e1c8a8264368912998a:2:{i:0;s:13:\"_csrf-backend\";i:1;s:32:\"3wB9MHviHZ9lmhAkn5KNZCpU8Y7tJlGp\";}'
    'advanced-frontend' => '3dd54a41f2f5c6894043687831fc6514'
    '_csrf-frontend' => 'bbdec0b927d44974bbabea269de9c136c7fcbc0ee3cae25969395571fccf956da:2:{i:0;s:14:\"_csrf-frontend\";i:1;s:32:\"TK3jKxvX_YXArxNlXP7icNpCn1-2rU1u\";}'
]

$_SESSION = [
    '__flash' => []
    '__id' => 53
]

$_SERVER = [
    'HTTP_HOST' => 'yii'
    'HTTP_USER_AGENT' => 'Mozilla/5.0 (Macintosh; Intel Mac OS X 10.13; rv:70.0) Gecko/20100101 Firefox/70.0'
    'HTTP_ACCEPT' => 'text/html,application/xhtml+xml,application/xml;q=0.9,*/*;q=0.8'
    'HTTP_ACCEPT_LANGUAGE' => 'zh-CN,zh;q=0.8,zh-TW;q=0.7,zh-HK;q=0.5,en-US;q=0.3,en;q=0.2'
    'HTTP_ACCEPT_ENCODING' => 'gzip, deflate'
    'HTTP_CONNECTION' => 'keep-alive'
    'HTTP_COOKIE' => '_identity=5ebadecdf237960060827e974e204a6ae8d9a02278d34dc18556d0bf80a8cc69a%3A2%3A%7Bi%3A0%3Bs%3A9%3A%22_identity%22%3Bi%3A1%3Bs%3A47%3A%22%5B53%2C%22JwTtz4-xTKvuK8sTqiVIk_chQQA16FaE%22%2C2592000%5D%22%3B%7D; advanced-backend=32fa3ea2de4c91a28c2cb89e99b92d9e; _csrf-backend=a90bf170ce5bf6399912d6415df615ba3a36579c7a5bd2e1c8a8264368912998a%3A2%3A%7Bi%3A0%3Bs%3A13%3A%22_csrf-backend%22%3Bi%3A1%3Bs%3A32%3A%223wB9MHviHZ9lmhAkn5KNZCpU8Y7tJlGp%22%3B%7D; advanced-frontend=3dd54a41f2f5c6894043687831fc6514; _csrf-frontend=bbdec0b927d44974bbabea269de9c136c7fcbc0ee3cae25969395571fccf956da%3A2%3A%7Bi%3A0%3Bs%3A14%3A%22_csrf-frontend%22%3Bi%3A1%3Bs%3A32%3A%22TK3jKxvX_YXArxNlXP7icNpCn1-2rU1u%22%3B%7D'
    'HTTP_UPGRADE_INSECURE_REQUESTS' => '1'
    'HTTP_CACHE_CONTROL' => 'max-age=0'
    'PATH' => '/usr/bin:/bin:/usr/sbin:/sbin'
    'SERVER_SIGNATURE' => ''
    'SERVER_SOFTWARE' => 'Apache'
    'SERVER_NAME' => 'yii'
    'SERVER_ADDR' => '::1'
    'SERVER_PORT' => '80'
    'REMOTE_ADDR' => '::1'
    'DOCUMENT_ROOT' => '/Applications/MAMP/htdocs/web/yii'
    'SERVER_ADMIN' => 'you@example.com'
    'SCRIPT_FILENAME' => '/Applications/MAMP/htdocs/web/yii/backend/web/index.php'
    'REMOTE_PORT' => '59202'
    'GATEWAY_INTERFACE' => 'CGI/1.1'
    'SERVER_PROTOCOL' => 'HTTP/1.1'
    'REQUEST_METHOD' => 'GET'
    'QUERY_STRING' => 'r=imsindex'
    'REQUEST_URI' => '/backend/web/index.php?r=imsindex'
    'SCRIPT_NAME' => '/backend/web/index.php'
    'PHP_SELF' => '/backend/web/index.php'
    'REQUEST_TIME_FLOAT' => 1574751090.47
    'REQUEST_TIME' => 1574751090
    'argv' => [
        0 => 'r=imsindex'
    ]
    'argc' => 1
]
2019-11-26 16:11:35 [::1][-][-][error][yii\web\HttpException:403] yii\web\ForbiddenHttpException: 没有权限! in /Applications/MAMP/htdocs/web/yii/backend/components/AccessControl.php:48
Stack trace:
#0 /Applications/MAMP/htdocs/web/yii/vendor/yiisoft/yii2/base/ActionFilter.php(77): backend\components\AccessControl->beforeAction(Object(yii\base\InlineAction))
#1 [internal function]: yii\base\ActionFilter->beforeFilter(Object(yii\base\ActionEvent))
#2 /Applications/MAMP/htdocs/web/yii/vendor/yiisoft/yii2/base/Component.php(627): call_user_func(Array, Object(yii\base\ActionEvent))
#3 /Applications/MAMP/htdocs/web/yii/vendor/yiisoft/yii2/base/Controller.php(274): yii\base\Component->trigger('beforeAction', Object(yii\base\ActionEvent))
#4 /Applications/MAMP/htdocs/web/yii/vendor/yiisoft/yii2/web/Controller.php(164): yii\base\Controller->beforeAction(Object(yii\base\InlineAction))
#5 /Applications/MAMP/htdocs/web/yii/vendor/yiisoft/yii2/base/Controller.php(155): yii\web\Controller->beforeAction(Object(yii\base\InlineAction))
#6 /Applications/MAMP/htdocs/web/yii/vendor/yiisoft/yii2/base/Module.php(528): yii\base\Controller->runAction('', Array)
#7 /Applications/MAMP/htdocs/web/yii/vendor/yiisoft/yii2/web/Application.php(103): yii\base\Module->runAction('imsindex', Array)
#8 /Applications/MAMP/htdocs/web/yii/vendor/yiisoft/yii2/base/Application.php(386): yii\web\Application->handleRequest(Object(yii\web\Request))
#9 /Applications/MAMP/htdocs/web/yii/backend/web/index.php(18): yii\base\Application->run()
#10 {main}
2019-11-26 16:11:35 [::1][-][-][info][application] $_GET = [
    'r' => 'imsindex'
]

$_POST = []

$_FILES = []

$_COOKIE = []

$_SERVER = [
    'HTTP_HOST' => 'yii'
    'HTTP_CONNECTION' => 'keep-alive'
    'HTTP_UPGRADE_INSECURE_REQUESTS' => '1'
    'HTTP_USER_AGENT' => 'Mozilla/5.0 (Macintosh; Intel Mac OS X 10_13_6) AppleWebKit/537.36 (KHTML, like Gecko) Chrome/78.0.3904.97 Safari/537.36'
    'HTTP_ACCEPT' => 'text/html,application/xhtml+xml,application/xml;q=0.9,image/webp,image/apng,*/*;q=0.8,application/signed-exchange;v=b3'
    'HTTP_ACCEPT_ENCODING' => 'gzip, deflate'
    'HTTP_ACCEPT_LANGUAGE' => 'zh-CN,zh;q=0.9'
    'PATH' => '/usr/bin:/bin:/usr/sbin:/sbin'
    'SERVER_SIGNATURE' => ''
    'SERVER_SOFTWARE' => 'Apache'
    'SERVER_NAME' => 'yii'
    'SERVER_ADDR' => '::1'
    'SERVER_PORT' => '80'
    'REMOTE_ADDR' => '::1'
    'DOCUMENT_ROOT' => '/Applications/MAMP/htdocs/web/yii'
    'SERVER_ADMIN' => 'you@example.com'
    'SCRIPT_FILENAME' => '/Applications/MAMP/htdocs/web/yii/backend/web/index.php'
    'REMOTE_PORT' => '60486'
    'GATEWAY_INTERFACE' => 'CGI/1.1'
    'SERVER_PROTOCOL' => 'HTTP/1.1'
    'REQUEST_METHOD' => 'GET'
    'QUERY_STRING' => 'r=imsindex'
    'REQUEST_URI' => '/backend/web/index.php?r=imsindex'
    'SCRIPT_NAME' => '/backend/web/index.php'
    'PHP_SELF' => '/backend/web/index.php'
    'REQUEST_TIME_FLOAT' => 1574755895.23
    'REQUEST_TIME' => 1574755895
    'argv' => [
        0 => 'r=imsindex'
    ]
    'argc' => 1
]
